2015-06-10 14:59:53.084 [btpool0-1] INFO  org.apache.shiro.session.mgt.AbstractValidatingSessionManager -
				Enabling session validation scheduler...
2015-06-10 14:59:53.128 [DefaultQuartzScheduler_Worker-1] INFO  org.apache.shiro.session.mgt.AbstractValidatingSessionManager -
				Validating all active sessions...
2015-06-10 14:59:53.130 [DefaultQuartzScheduler_Worker-1] INFO  org.apache.shiro.cache.ehcache.EhCacheManager -
				Cache with name 'shiro-activeSessionCache' does not yet exist.  Creating now.
2015-06-10 14:59:53.133 [btpool0-1] INFO  org.apache.shiro.cache.ehcache.EhCacheManager -
				Cache with name 'shiro-activeSessionCache' does not yet exist.  Creating now.
2015-06-10 14:59:53.135 [DefaultQuartzScheduler_Worker-1] INFO  org.apache.shiro.cache.ehcache.EhCacheManager -
				Added EhCache named [shiro-activeSessionCache]
2015-06-10 14:59:53.138 [DefaultQuartzScheduler_Worker-1] INFO  org.apache.shiro.session.mgt.AbstractValidatingSessionManager -
				Finished session validation.  No sessions were stopped.
2015-06-10 15:24:56.667 [btpool0-1] INFO  org.apache.shiro.session.mgt.AbstractValidatingSessionManager -
				Enabling session validation scheduler...
2015-06-10 15:24:56.710 [DefaultQuartzScheduler_Worker-1] INFO  org.apache.shiro.session.mgt.AbstractValidatingSessionManager -
				Validating all active sessions...
2015-06-10 15:37:22.891 [btpool0-1] INFO  org.apache.shiro.session.mgt.AbstractValidatingSessionManager -
				Enabling session validation scheduler...
2015-06-10 15:37:22.933 [DefaultQuartzScheduler_Worker-1] INFO  org.apache.shiro.session.mgt.AbstractValidatingSessionManager -
				Validating all active sessions...
2015-06-10 15:37:56.399 [DefaultQuartzScheduler_Worker-1] INFO  org.apache.shiro.cache.ehcache.EhCacheManager -
				Cache with name 'shiro-activeSessionCache' does not yet exist.  Creating now.
2015-06-10 15:38:01.577 [DefaultQuartzScheduler_Worker-1] INFO  org.apache.shiro.cache.ehcache.EhCacheManager -
				Added EhCache named [shiro-activeSessionCache]
2015-06-10 15:38:03.690 [DefaultQuartzScheduler_Worker-1] INFO  org.apache.shiro.session.mgt.AbstractValidatingSessionManager -
				Finished session validation.  No sessions were stopped.
2015-06-10 15:38:19.424 [btpool0-1] INFO  org.apache.shiro.cache.ehcache.EhCacheManager -
				Using existing EHCache named [shiro-activeSessionCache]
2015-06-10 15:51:27.422 [btpool0-1] INFO  org.apache.shiro.session.mgt.AbstractValidatingSessionManager -
				Enabling session validation scheduler...
2015-06-10 15:51:27.465 [DefaultQuartzScheduler_Worker-1] INFO  org.apache.shiro.session.mgt.AbstractValidatingSessionManager -
				Validating all active sessions...
2015-06-10 15:51:29.407 [DefaultQuartzScheduler_Worker-1] INFO  org.apache.shiro.cache.ehcache.EhCacheManager -
				Cache with name 'shiro-activeSessionCache' does not yet exist.  Creating now.
2015-06-10 15:51:29.413 [DefaultQuartzScheduler_Worker-1] INFO  org.apache.shiro.cache.ehcache.EhCacheManager -
				Added EhCache named [shiro-activeSessionCache]
2015-06-10 15:51:29.415 [DefaultQuartzScheduler_Worker-1] INFO  org.apache.shiro.session.mgt.AbstractValidatingSessionManager -
				Finished session validation.  No sessions were stopped.
2015-06-10 15:51:29.791 [btpool0-1] INFO  org.apache.shiro.cache.ehcache.EhCacheManager -
				Using existing EHCache named [shiro-activeSessionCache]
2015-06-10 15:53:41.509 [btpool0-1] INFO  org.apache.shiro.session.mgt.AbstractValidatingSessionManager -
				Enabling session validation scheduler...
2015-06-10 15:53:41.552 [DefaultQuartzScheduler_Worker-1] INFO  org.apache.shiro.session.mgt.AbstractValidatingSessionManager -
				Validating all active sessions...
2015-06-10 15:53:43.327 [DefaultQuartzScheduler_Worker-1] INFO  org.apache.shiro.cache.ehcache.EhCacheManager -
				Cache with name 'shiro-activeSessionCache' does not yet exist.  Creating now.
2015-06-10 15:53:43.338 [DefaultQuartzScheduler_Worker-1] INFO  org.apache.shiro.cache.ehcache.EhCacheManager -
				Added EhCache named [shiro-activeSessionCache]
2015-06-10 15:53:43.341 [DefaultQuartzScheduler_Worker-1] INFO  org.apache.shiro.session.mgt.AbstractValidatingSessionManager -
				Finished session validation.  No sessions were stopped.
2015-06-10 15:53:43.688 [btpool0-1] INFO  org.apache.shiro.cache.ehcache.EhCacheManager -
				Using existing EHCache named [shiro-activeSessionCache]
2015-06-10 15:59:42.981 [btpool0-1] INFO  org.apache.shiro.session.mgt.AbstractValidatingSessionManager -
				Enabling session validation scheduler...
2015-06-10 15:59:43.027 [DefaultQuartzScheduler_Worker-1] INFO  org.apache.shiro.session.mgt.AbstractValidatingSessionManager -
				Validating all active sessions...
2015-06-10 15:59:50.992 [DefaultQuartzScheduler_Worker-1] INFO  org.apache.shiro.cache.ehcache.EhCacheManager -
				Cache with name 'shiro-activeSessionCache' does not yet exist.  Creating now.
2015-06-10 15:59:50.997 [DefaultQuartzScheduler_Worker-1] INFO  org.apache.shiro.cache.ehcache.EhCacheManager -
				Added EhCache named [shiro-activeSessionCache]
2015-06-10 15:59:51.000 [DefaultQuartzScheduler_Worker-1] INFO  org.apache.shiro.session.mgt.AbstractValidatingSessionManager -
				Finished session validation.  No sessions were stopped.
2015-06-10 15:59:51.496 [btpool0-1] INFO  org.apache.shiro.cache.ehcache.EhCacheManager -
				Using existing EHCache named [shiro-activeSessionCache]
2015-06-10 16:30:40.230 [btpool0-1] INFO  org.apache.shiro.session.mgt.AbstractValidatingSessionManager -
				Enabling session validation scheduler...
2015-06-10 16:30:40.272 [DefaultQuartzScheduler_Worker-1] INFO  org.apache.shiro.session.mgt.AbstractValidatingSessionManager -
				Validating all active sessions...
2015-06-10 16:30:40.954 [DefaultQuartzScheduler_Worker-1] INFO  org.apache.shiro.cache.ehcache.EhCacheManager -
				Cache with name 'shiro-activeSessionCache' does not yet exist.  Creating now.
2015-06-10 16:30:40.959 [DefaultQuartzScheduler_Worker-1] INFO  org.apache.shiro.cache.ehcache.EhCacheManager -
				Added EhCache named [shiro-activeSessionCache]
2015-06-10 16:30:40.962 [DefaultQuartzScheduler_Worker-1] INFO  org.apache.shiro.session.mgt.AbstractValidatingSessionManager -
				Finished session validation.  No sessions were stopped.
2015-06-10 16:30:41.202 [btpool0-1] INFO  org.apache.shiro.cache.ehcache.EhCacheManager -
				Using existing EHCache named [shiro-activeSessionCache]
2015-06-10 16:37:45.458 [btpool0-1] INFO  org.apache.shiro.session.mgt.AbstractValidatingSessionManager -
				Enabling session validation scheduler...
2015-06-10 16:37:45.502 [DefaultQuartzScheduler_Worker-1] INFO  org.apache.shiro.session.mgt.AbstractValidatingSessionManager -
				Validating all active sessions...
2015-06-10 16:37:45.503 [DefaultQuartzScheduler_Worker-1] INFO  org.apache.shiro.cache.ehcache.EhCacheManager -
				Cache with name 'shiro-activeSessionCache' does not yet exist.  Creating now.
2015-06-10 16:37:45.506 [DefaultQuartzScheduler_Worker-1] INFO  org.apache.shiro.cache.ehcache.EhCacheManager -
				Added EhCache named [shiro-activeSessionCache]
2015-06-10 16:37:45.509 [DefaultQuartzScheduler_Worker-1] INFO  org.apache.shiro.session.mgt.AbstractValidatingSessionManager -
				Finished session validation.  No sessions were stopped.
2015-06-10 16:39:08.090 [btpool0-1] INFO  org.apache.shiro.session.mgt.AbstractValidatingSessionManager -
				Enabling session validation scheduler...
2015-06-10 16:39:08.133 [DefaultQuartzScheduler_Worker-1] INFO  org.apache.shiro.session.mgt.AbstractValidatingSessionManager -
				Validating all active sessions...
2015-06-10 16:39:08.134 [DefaultQuartzScheduler_Worker-1] INFO  org.apache.shiro.cache.ehcache.EhCacheManager -
				Cache with name 'shiro-activeSessionCache' does not yet exist.  Creating now.
2015-06-10 16:39:08.137 [DefaultQuartzScheduler_Worker-1] INFO  org.apache.shiro.cache.ehcache.EhCacheManager -
				Added EhCache named [shiro-activeSessionCache]
2015-06-10 16:39:08.140 [DefaultQuartzScheduler_Worker-1] INFO  org.apache.shiro.session.mgt.AbstractValidatingSessionManager -
				Finished session validation.  No sessions were stopped.
2015-06-10 16:39:41.348 [btpool0-1] INFO  org.apache.shiro.session.mgt.AbstractValidatingSessionManager -
				Enabling session validation scheduler...
2015-06-10 16:39:41.391 [DefaultQuartzScheduler_Worker-1] INFO  org.apache.shiro.session.mgt.AbstractValidatingSessionManager -
				Validating all active sessions...
2015-06-10 16:39:41.392 [DefaultQuartzScheduler_Worker-1] INFO  org.apache.shiro.cache.ehcache.EhCacheManager -
				Cache with name 'shiro-activeSessionCache' does not yet exist.  Creating now.
2015-06-10 16:39:41.395 [DefaultQuartzScheduler_Worker-1] INFO  org.apache.shiro.cache.ehcache.EhCacheManager -
				Added EhCache named [shiro-activeSessionCache]
2015-06-10 16:39:41.399 [DefaultQuartzScheduler_Worker-1] INFO  org.apache.shiro.session.mgt.AbstractValidatingSessionManager -
				Finished session validation.  No sessions were stopped.
2015-06-10 16:45:51.631 [btpool0-1] INFO  org.apache.shiro.session.mgt.AbstractValidatingSessionManager -
				Enabling session validation scheduler...
2015-06-10 16:45:51.671 [DefaultQuartzScheduler_Worker-1] INFO  org.apache.shiro.session.mgt.AbstractValidatingSessionManager -
				Validating all active sessions...
2015-06-10 16:45:51.671 [DefaultQuartzScheduler_Worker-1] INFO  org.apache.shiro.cache.ehcache.EhCacheManager -
				Cache with name 'shiro-activeSessionCache' does not yet exist.  Creating now.
2015-06-10 16:45:51.675 [DefaultQuartzScheduler_Worker-1] INFO  org.apache.shiro.cache.ehcache.EhCacheManager -
				Added EhCache named [shiro-activeSessionCache]
2015-06-10 16:45:51.678 [DefaultQuartzScheduler_Worker-1] INFO  org.apache.shiro.session.mgt.AbstractValidatingSessionManager -
				Finished session validation.  No sessions were stopped.
2015-06-10 16:46:51.697 [btpool0-1] INFO  org.apache.shiro.session.mgt.AbstractValidatingSessionManager -
				Enabling session validation scheduler...
2015-06-10 16:46:51.743 [DefaultQuartzScheduler_Worker-1] INFO  org.apache.shiro.session.mgt.AbstractValidatingSessionManager -
				Validating all active sessions...
2015-06-10 16:46:51.743 [DefaultQuartzScheduler_Worker-1] INFO  org.apache.shiro.cache.ehcache.EhCacheManager -
				Cache with name 'shiro-activeSessionCache' does not yet exist.  Creating now.
2015-06-10 16:46:51.748 [DefaultQuartzScheduler_Worker-1] INFO  org.apache.shiro.cache.ehcache.EhCacheManager -
				Added EhCache named [shiro-activeSessionCache]
2015-06-10 16:46:51.753 [DefaultQuartzScheduler_Worker-1] INFO  org.apache.shiro.session.mgt.AbstractValidatingSessionManager -
				Finished session validation.  No sessions were stopped.
2015-06-10 16:48:19.769 [btpool0-1] INFO  org.apache.shiro.session.mgt.AbstractValidatingSessionManager -
				Enabling session validation scheduler...
2015-06-10 16:48:19.812 [DefaultQuartzScheduler_Worker-1] INFO  org.apache.shiro.session.mgt.AbstractValidatingSessionManager -
				Validating all active sessions...
2015-06-10 16:48:19.812 [DefaultQuartzScheduler_Worker-1] INFO  org.apache.shiro.cache.ehcache.EhCacheManager -
				Cache with name 'shiro-activeSessionCache' does not yet exist.  Creating now.
2015-06-10 16:48:19.815 [DefaultQuartzScheduler_Worker-1] INFO  org.apache.shiro.cache.ehcache.EhCacheManager -
				Added EhCache named [shiro-activeSessionCache]
2015-06-10 16:48:19.818 [DefaultQuartzScheduler_Worker-1] INFO  org.apache.shiro.session.mgt.AbstractValidatingSessionManager -
				Finished session validation.  No sessions were stopped.
2015-06-10 16:50:02.140 [btpool0-1] INFO  org.apache.shiro.session.mgt.AbstractValidatingSessionManager -
				Enabling session validation scheduler...
2015-06-10 16:50:02.181 [DefaultQuartzScheduler_Worker-1] INFO  org.apache.shiro.session.mgt.AbstractValidatingSessionManager -
				Validating all active sessions...
2015-06-10 16:50:02.181 [DefaultQuartzScheduler_Worker-1] INFO  org.apache.shiro.cache.ehcache.EhCacheManager -
				Cache with name 'shiro-activeSessionCache' does not yet exist.  Creating now.
2015-06-10 16:50:02.185 [DefaultQuartzScheduler_Worker-1] INFO  org.apache.shiro.cache.ehcache.EhCacheManager -
				Added EhCache named [shiro-activeSessionCache]
2015-06-10 16:50:02.188 [DefaultQuartzScheduler_Worker-1] INFO  org.apache.shiro.session.mgt.AbstractValidatingSessionManager -
				Finished session validation.  No sessions were stopped.
2015-06-10 17:20:02.142 [DefaultQuartzScheduler_Worker-2] INFO  org.apache.shiro.session.mgt.AbstractValidatingSessionManager -
				Validating all active sessions...
2015-06-10 17:20:02.145 [DefaultQuartzScheduler_Worker-2] INFO  org.apache.shiro.session.mgt.AbstractValidatingSessionManager -
				Finished session validation.  No sessions were stopped.
2015-06-10 17:50:02.142 [DefaultQuartzScheduler_Worker-3] INFO  org.apache.shiro.session.mgt.AbstractValidatingSessionManager -
				Validating all active sessions...
2015-06-10 17:50:02.143 [DefaultQuartzScheduler_Worker-3] INFO  org.apache.shiro.session.mgt.AbstractValidatingSessionManager -
				Finished session validation.  No sessions were stopped.
2015-06-10 18:20:02.142 [DefaultQuartzScheduler_Worker-4] INFO  org.apache.shiro.session.mgt.AbstractValidatingSessionManager -
				Validating all active sessions...
2015-06-10 18:20:02.142 [DefaultQuartzScheduler_Worker-4] INFO  org.apache.shiro.session.mgt.AbstractValidatingSessionManager -
				Finished session validation.  No sessions were stopped.
2015-06-10 18:42:18.495 [btpool0-1] INFO  org.apache.shiro.session.mgt.AbstractValidatingSessionManager -
				Enabling session validation scheduler...
2015-06-10 18:42:18.537 [DefaultQuartzScheduler_Worker-1] INFO  org.apache.shiro.session.mgt.AbstractValidatingSessionManager -
				Validating all active sessions...
2015-06-10 18:42:18.537 [DefaultQuartzScheduler_Worker-1] INFO  org.apache.shiro.cache.ehcache.EhCacheManager -
				Cache with name 'shiro-activeSessionCache' does not yet exist.  Creating now.
2015-06-10 18:42:18.550 [DefaultQuartzScheduler_Worker-1] INFO  org.apache.shiro.cache.ehcache.EhCacheManager -
				Added EhCache named [shiro-activeSessionCache]
2015-06-10 18:42:18.553 [DefaultQuartzScheduler_Worker-1] INFO  org.apache.shiro.session.mgt.AbstractValidatingSessionManager -
				Finished session validation.  No sessions were stopped.
2015-06-10 18:58:34.370 [btpool0-1] INFO  org.apache.shiro.session.mgt.AbstractValidatingSessionManager -
				Enabling session validation scheduler...
2015-06-10 18:58:34.411 [DefaultQuartzScheduler_Worker-1] INFO  org.apache.shiro.session.mgt.AbstractValidatingSessionManager -
				Validating all active sessions...
2015-06-10 18:58:34.412 [DefaultQuartzScheduler_Worker-1] INFO  org.apache.shiro.cache.ehcache.EhCacheManager -
				Cache with name 'shiro-activeSessionCache' does not yet exist.  Creating now.
2015-06-10 18:58:34.416 [DefaultQuartzScheduler_Worker-1] INFO  org.apache.shiro.cache.ehcache.EhCacheManager -
				Added EhCache named [shiro-activeSessionCache]
2015-06-10 18:58:34.419 [DefaultQuartzScheduler_Worker-1] INFO  org.apache.shiro.session.mgt.AbstractValidatingSessionManager -
				Finished session validation.  No sessions were stopped.
2015-06-10 19:17:42.768 [btpool0-1] INFO  org.apache.shiro.session.mgt.AbstractValidatingSessionManager -
				Enabling session validation scheduler...
2015-06-10 19:17:42.810 [DefaultQuartzScheduler_Worker-1] INFO  org.apache.shiro.session.mgt.AbstractValidatingSessionManager -
				Validating all active sessions...
2015-06-10 19:17:42.811 [DefaultQuartzScheduler_Worker-1] INFO  org.apache.shiro.cache.ehcache.EhCacheManager -
				Cache with name 'shiro-activeSessionCache' does not yet exist.  Creating now.
2015-06-10 19:17:42.818 [DefaultQuartzScheduler_Worker-1] INFO  org.apache.shiro.cache.ehcache.EhCacheManager -
				Added EhCache named [shiro-activeSessionCache]
2015-06-10 19:17:42.821 [DefaultQuartzScheduler_Worker-1] INFO  org.apache.shiro.session.mgt.AbstractValidatingSessionManager -
				Finished session validation.  No sessions were stopped.
2015-06-10 19:33:05.666 [btpool0-1] INFO  org.apache.shiro.session.mgt.AbstractValidatingSessionManager -
				Enabling session validation scheduler...
2015-06-10 19:33:05.712 [DefaultQuartzScheduler_Worker-1] INFO  org.apache.shiro.session.mgt.AbstractValidatingSessionManager -
				Validating all active sessions...
2015-06-10 19:33:05.712 [DefaultQuartzScheduler_Worker-1] INFO  org.apache.shiro.cache.ehcache.EhCacheManager -
				Cache with name 'shiro-activeSessionCache' does not yet exist.  Creating now.
2015-06-10 19:33:05.717 [DefaultQuartzScheduler_Worker-1] INFO  org.apache.shiro.cache.ehcache.EhCacheManager -
				Added EhCache named [shiro-activeSessionCache]
2015-06-10 19:33:05.719 [DefaultQuartzScheduler_Worker-1] INFO  org.apache.shiro.session.mgt.AbstractValidatingSessionManager -
				Finished session validation.  No sessions were stopped.
2015-06-10 19:34:50.158 [btpool0-1] INFO  org.apache.shiro.session.mgt.AbstractValidatingSessionManager -
				Enabling session validation scheduler...
2015-06-10 19:34:50.202 [DefaultQuartzScheduler_Worker-1] INFO  org.apache.shiro.session.mgt.AbstractValidatingSessionManager -
				Validating all active sessions...
2015-06-10 19:34:50.202 [DefaultQuartzScheduler_Worker-1] INFO  org.apache.shiro.cache.ehcache.EhCacheManager -
				Cache with name 'shiro-activeSessionCache' does not yet exist.  Creating now.
2015-06-10 19:34:50.206 [DefaultQuartzScheduler_Worker-1] INFO  org.apache.shiro.cache.ehcache.EhCacheManager -
				Added EhCache named [shiro-activeSessionCache]
2015-06-10 19:34:50.209 [DefaultQuartzScheduler_Worker-1] INFO  org.apache.shiro.session.mgt.AbstractValidatingSessionManager -
				Finished session validation.  No sessions were stopped.
2015-06-10 19:37:01.625 [btpool0-1] INFO  org.apache.shiro.session.mgt.AbstractValidatingSessionManager -
				Enabling session validation scheduler...
2015-06-10 19:37:01.667 [DefaultQuartzScheduler_Worker-1] INFO  org.apache.shiro.session.mgt.AbstractValidatingSessionManager -
				Validating all active sessions...
2015-06-10 19:37:01.667 [DefaultQuartzScheduler_Worker-1] INFO  org.apache.shiro.cache.ehcache.EhCacheManager -
				Cache with name 'shiro-activeSessionCache' does not yet exist.  Creating now.
2015-06-10 19:37:01.672 [DefaultQuartzScheduler_Worker-1] INFO  org.apache.shiro.cache.ehcache.EhCacheManager -
				Added EhCache named [shiro-activeSessionCache]
2015-06-10 19:37:01.675 [DefaultQuartzScheduler_Worker-1] INFO  org.apache.shiro.session.mgt.AbstractValidatingSessionManager -
				Finished session validation.  No sessions were stopped.
2015-06-10 19:38:48.209 [btpool0-1] INFO  org.apache.shiro.session.mgt.AbstractValidatingSessionManager -
				Enabling session validation scheduler...
2015-06-10 19:38:48.253 [DefaultQuartzScheduler_Worker-1] INFO  org.apache.shiro.session.mgt.AbstractValidatingSessionManager -
				Validating all active sessions...
2015-06-10 19:38:48.253 [DefaultQuartzScheduler_Worker-1] INFO  org.apache.shiro.cache.ehcache.EhCacheManager -
				Cache with name 'shiro-activeSessionCache' does not yet exist.  Creating now.
2015-06-10 19:38:48.258 [DefaultQuartzScheduler_Worker-1] INFO  org.apache.shiro.cache.ehcache.EhCacheManager -
				Added EhCache named [shiro-activeSessionCache]
2015-06-10 19:38:48.261 [DefaultQuartzScheduler_Worker-1] INFO  org.apache.shiro.session.mgt.AbstractValidatingSessionManager -
				Finished session validation.  No sessions were stopped.
2015-06-10 19:41:45.000 [btpool0-1] INFO  org.apache.shiro.session.mgt.AbstractValidatingSessionManager -
				Enabling session validation scheduler...
2015-06-10 19:41:45.042 [DefaultQuartzScheduler_Worker-1] INFO  org.apache.shiro.session.mgt.AbstractValidatingSessionManager -
				Validating all active sessions...
2015-06-10 19:41:45.043 [DefaultQuartzScheduler_Worker-1] INFO  org.apache.shiro.cache.ehcache.EhCacheManager -
				Cache with name 'shiro-activeSessionCache' does not yet exist.  Creating now.
2015-06-10 19:41:45.047 [DefaultQuartzScheduler_Worker-1] INFO  org.apache.shiro.cache.ehcache.EhCacheManager -
				Added EhCache named [shiro-activeSessionCache]
2015-06-10 19:41:45.050 [DefaultQuartzScheduler_Worker-1] INFO  org.apache.shiro.session.mgt.AbstractValidatingSessionManager -
				Finished session validation.  No sessions were stopped.
2015-06-10 19:43:58.655 [btpool0-1] INFO  org.apache.shiro.session.mgt.AbstractValidatingSessionManager -
				Enabling session validation scheduler...
2015-06-10 19:43:58.696 [DefaultQuartzScheduler_Worker-1] INFO  org.apache.shiro.session.mgt.AbstractValidatingSessionManager -
				Validating all active sessions...
2015-06-10 19:43:58.696 [DefaultQuartzScheduler_Worker-1] INFO  org.apache.shiro.cache.ehcache.EhCacheManager -
				Cache with name 'shiro-activeSessionCache' does not yet exist.  Creating now.
2015-06-10 19:43:58.701 [DefaultQuartzScheduler_Worker-1] INFO  org.apache.shiro.cache.ehcache.EhCacheManager -
				Added EhCache named [shiro-activeSessionCache]
2015-06-10 19:43:58.705 [DefaultQuartzScheduler_Worker-1] INFO  org.apache.shiro.session.mgt.AbstractValidatingSessionManager -
				Finished session validation.  No sessions were stopped.
2015-06-10 20:13:58.657 [DefaultQuartzScheduler_Worker-2] INFO  org.apache.shiro.session.mgt.AbstractValidatingSessionManager -
				Validating all active sessions...
2015-06-10 20:13:58.658 [DefaultQuartzScheduler_Worker-2] INFO  org.apache.shiro.session.mgt.AbstractValidatingSessionManager -
				Finished session validation.  No sessions were stopped.
2015-06-10 20:26:47.928 [btpool0-1] INFO  org.apache.shiro.session.mgt.AbstractValidatingSessionManager -
				Enabling session validation scheduler...
2015-06-10 20:26:47.973 [DefaultQuartzScheduler_Worker-1] INFO  org.apache.shiro.session.mgt.AbstractValidatingSessionManager -
				Validating all active sessions...
2015-06-10 20:26:47.973 [DefaultQuartzScheduler_Worker-1] INFO  org.apache.shiro.cache.ehcache.EhCacheManager -
				Cache with name 'shiro-activeSessionCache' does not yet exist.  Creating now.
2015-06-10 20:26:47.979 [DefaultQuartzScheduler_Worker-1] INFO  org.apache.shiro.cache.ehcache.EhCacheManager -
				Added EhCache named [shiro-activeSessionCache]
2015-06-10 20:26:47.982 [DefaultQuartzScheduler_Worker-1] INFO  org.apache.shiro.session.mgt.AbstractValidatingSessionManager -
				Finished session validation.  No sessions were stopped.
2015-06-10 20:32:00.927 [btpool0-1] INFO  org.apache.shiro.session.mgt.AbstractValidatingSessionManager -
				Enabling session validation scheduler...
2015-06-10 20:32:00.968 [DefaultQuartzScheduler_Worker-1] INFO  org.apache.shiro.session.mgt.AbstractValidatingSessionManager -
				Validating all active sessions...
2015-06-10 20:32:00.968 [DefaultQuartzScheduler_Worker-1] INFO  org.apache.shiro.cache.ehcache.EhCacheManager -
				Cache with name 'shiro-activeSessionCache' does not yet exist.  Creating now.
2015-06-10 20:32:00.973 [DefaultQuartzScheduler_Worker-1] INFO  org.apache.shiro.cache.ehcache.EhCacheManager -
				Added EhCache named [shiro-activeSessionCache]
2015-06-10 20:32:00.977 [DefaultQuartzScheduler_Worker-1] INFO  org.apache.shiro.session.mgt.AbstractValidatingSessionManager -
				Finished session validation.  No sessions were stopped.
2015-06-10 20:33:01.710 [btpool0-1] INFO  org.apache.shiro.session.mgt.AbstractValidatingSessionManager -
				Enabling session validation scheduler...
2015-06-10 20:33:01.754 [DefaultQuartzScheduler_Worker-1] INFO  org.apache.shiro.session.mgt.AbstractValidatingSessionManager -
				Validating all active sessions...
2015-06-10 20:33:01.754 [DefaultQuartzScheduler_Worker-1] INFO  org.apache.shiro.cache.ehcache.EhCacheManager -
				Cache with name 'shiro-activeSessionCache' does not yet exist.  Creating now.
2015-06-10 20:33:01.760 [DefaultQuartzScheduler_Worker-1] INFO  org.apache.shiro.cache.ehcache.EhCacheManager -
				Added EhCache named [shiro-activeSessionCache]
2015-06-10 20:33:01.763 [DefaultQuartzScheduler_Worker-1] INFO  org.apache.shiro.session.mgt.AbstractValidatingSessionManager -
				Finished session validation.  No sessions were stopped.
2015-06-10 20:40:19.710 [btpool0-1] INFO  org.apache.shiro.session.mgt.AbstractValidatingSessionManager -
				Enabling session validation scheduler...
2015-06-10 20:40:19.752 [DefaultQuartzScheduler_Worker-1] INFO  org.apache.shiro.session.mgt.AbstractValidatingSessionManager -
				Validating all active sessions...
2015-06-10 20:40:19.752 [DefaultQuartzScheduler_Worker-1] INFO  org.apache.shiro.cache.ehcache.EhCacheManager -
				Cache with name 'shiro-activeSessionCache' does not yet exist.  Creating now.
2015-06-10 20:40:19.757 [DefaultQuartzScheduler_Worker-1] INFO  org.apache.shiro.cache.ehcache.EhCacheManager -
				Added EhCache named [shiro-activeSessionCache]
2015-06-10 20:40:19.759 [DefaultQuartzScheduler_Worker-1] INFO  org.apache.shiro.session.mgt.AbstractValidatingSessionManager -
				Finished session validation.  No sessions were stopped.
2015-06-10 20:44:01.678 [btpool0-1] INFO  org.apache.shiro.session.mgt.AbstractValidatingSessionManager -
				Enabling session validation scheduler...
2015-06-10 20:44:01.720 [DefaultQuartzScheduler_Worker-1] INFO  org.apache.shiro.session.mgt.AbstractValidatingSessionManager -
				Validating all active sessions...
2015-06-10 20:44:01.721 [DefaultQuartzScheduler_Worker-1] INFO  org.apache.shiro.cache.ehcache.EhCacheManager -
				Cache with name 'shiro-activeSessionCache' does not yet exist.  Creating now.
2015-06-10 20:44:01.726 [DefaultQuartzScheduler_Worker-1] INFO  org.apache.shiro.cache.ehcache.EhCacheManager -
				Added EhCache named [shiro-activeSessionCache]
2015-06-10 20:44:01.729 [DefaultQuartzScheduler_Worker-1] INFO  org.apache.shiro.session.mgt.AbstractValidatingSessionManager -
				Finished session validation.  No sessions were stopped.
2015-06-10 20:49:19.304 [btpool0-1] INFO  org.apache.shiro.session.mgt.AbstractValidatingSessionManager -
				Enabling session validation scheduler...
2015-06-10 20:49:19.347 [DefaultQuartzScheduler_Worker-1] INFO  org.apache.shiro.session.mgt.AbstractValidatingSessionManager -
				Validating all active sessions...
2015-06-10 20:49:19.348 [DefaultQuartzScheduler_Worker-1] INFO  org.apache.shiro.cache.ehcache.EhCacheManager -
				Cache with name 'shiro-activeSessionCache' does not yet exist.  Creating now.
2015-06-10 20:49:19.354 [DefaultQuartzScheduler_Worker-1] INFO  org.apache.shiro.cache.ehcache.EhCacheManager -
				Added EhCache named [shiro-activeSessionCache]
2015-06-10 20:49:19.358 [DefaultQuartzScheduler_Worker-1] INFO  org.apache.shiro.session.mgt.AbstractValidatingSessionManager -
				Finished session validation.  No sessions were stopped.
2015-06-10 20:56:28.720 [btpool0-1] INFO  org.apache.shiro.session.mgt.AbstractValidatingSessionManager -
				Enabling session validation scheduler...
2015-06-10 20:56:28.765 [DefaultQuartzScheduler_Worker-1] INFO  org.apache.shiro.session.mgt.AbstractValidatingSessionManager -
				Validating all active sessions...
2015-06-10 20:56:28.765 [DefaultQuartzScheduler_Worker-1] INFO  org.apache.shiro.cache.ehcache.EhCacheManager -
				Cache with name 'shiro-activeSessionCache' does not yet exist.  Creating now.
2015-06-10 20:56:28.769 [btpool0-1] INFO  org.apache.shiro.cache.ehcache.EhCacheManager -
				Cache with name 'shiro-activeSessionCache' does not yet exist.  Creating now.
2015-06-10 20:56:28.772 [DefaultQuartzScheduler_Worker-1] INFO  org.apache.shiro.cache.ehcache.EhCacheManager -
				Added EhCache named [shiro-activeSessionCache]
2015-06-10 20:56:28.776 [DefaultQuartzScheduler_Worker-1] INFO  org.apache.shiro.session.mgt.AbstractValidatingSessionManager -
				Finished session validation.  No sessions were stopped.
2015-06-10 20:57:02.827 [btpool0-1] INFO  org.apache.shiro.session.mgt.AbstractValidatingSessionManager -
				Enabling session validation scheduler...
2015-06-10 20:57:02.869 [DefaultQuartzScheduler_Worker-1] INFO  org.apache.shiro.session.mgt.AbstractValidatingSessionManager -
				Validating all active sessions...
2015-06-10 20:57:02.870 [DefaultQuartzScheduler_Worker-1] INFO  org.apache.shiro.cache.ehcache.EhCacheManager -
				Cache with name 'shiro-activeSessionCache' does not yet exist.  Creating now.
2015-06-10 20:57:02.874 [DefaultQuartzScheduler_Worker-1] INFO  org.apache.shiro.cache.ehcache.EhCacheManager -
				Added EhCache named [shiro-activeSessionCache]
2015-06-10 20:57:02.874 [btpool0-1] INFO  org.apache.shiro.cache.ehcache.EhCacheManager -
				Using existing EHCache named [shiro-activeSessionCache]
2015-06-10 20:57:02.878 [DefaultQuartzScheduler_Worker-1] INFO  org.apache.shiro.session.mgt.AbstractValidatingSessionManager -
				Finished session validation.  No sessions were stopped.
