2015-06-12 14:05:31.815 [btpool0-2] INFO  org.apache.shiro.session.mgt.AbstractValidatingSessionManager -
				Enabling session validation scheduler...
2015-06-12 14:05:31.893 [DefaultQuartzScheduler_Worker-1] INFO  org.apache.shiro.session.mgt.AbstractValidatingSessionManager -
				Validating all active sessions...
2015-06-12 14:05:31.893 [DefaultQuartzScheduler_Worker-1] INFO  org.apache.shiro.cache.ehcache.EhCacheManager -
				Cache with name 'shiro-activeSessionCache' does not yet exist.  Creating now.
2015-06-12 14:05:31.897 [btpool0-2] INFO  org.apache.shiro.cache.ehcache.EhCacheManager -
				Cache with name 'shiro-activeSessionCache' does not yet exist.  Creating now.
2015-06-12 14:05:31.898 [DefaultQuartzScheduler_Worker-1] INFO  org.apache.shiro.cache.ehcache.EhCacheManager -
				Added EhCache named [shiro-activeSessionCache]
2015-06-12 14:05:31.901 [DefaultQuartzScheduler_Worker-1] INFO  org.apache.shiro.session.mgt.AbstractValidatingSessionManager -
				Finished session validation.  No sessions were stopped.
2015-06-12 14:07:30.069 [btpool0-1] INFO  org.apache.shiro.session.mgt.AbstractValidatingSessionManager -
				Enabling session validation scheduler...
2015-06-12 14:07:30.115 [DefaultQuartzScheduler_Worker-1] INFO  org.apache.shiro.session.mgt.AbstractValidatingSessionManager -
				Validating all active sessions...
2015-06-12 14:07:30.116 [DefaultQuartzScheduler_Worker-1] INFO  org.apache.shiro.cache.ehcache.EhCacheManager -
				Cache with name 'shiro-activeSessionCache' does not yet exist.  Creating now.
2015-06-12 14:07:30.120 [DefaultQuartzScheduler_Worker-1] INFO  org.apache.shiro.cache.ehcache.EhCacheManager -
				Added EhCache named [shiro-activeSessionCache]
2015-06-12 14:07:30.123 [DefaultQuartzScheduler_Worker-1] INFO  org.apache.shiro.session.mgt.AbstractValidatingSessionManager -
				Finished session validation.  No sessions were stopped.
2015-06-12 15:36:54.585 [btpool0-1] INFO  org.apache.shiro.session.mgt.AbstractValidatingSessionManager -
				Enabling session validation scheduler...
2015-06-12 15:36:54.678 [DefaultQuartzScheduler_Worker-1] INFO  org.apache.shiro.session.mgt.AbstractValidatingSessionManager -
				Validating all active sessions...
2015-06-12 15:36:54.679 [DefaultQuartzScheduler_Worker-1] INFO  org.apache.shiro.cache.ehcache.EhCacheManager -
				Using existing EHCache named [shiro-activeSessionCache]
2015-06-12 15:36:54.709 [DefaultQuartzScheduler_Worker-1] INFO  org.apache.shiro.session.mgt.AbstractValidatingSessionManager -
				Finished session validation.  No sessions were stopped.
2015-06-12 18:32:16.483 [btpool0-1] INFO  org.apache.shiro.session.mgt.AbstractValidatingSessionManager -
				Enabling session validation scheduler...
2015-06-12 18:32:16.525 [btpool0-1] INFO  org.apache.shiro.cache.ehcache.EhCacheManager -
				Using existing EHCache named [shiro-activeSessionCache]
2015-06-12 18:32:16.530 [DefaultQuartzScheduler_Worker-1] INFO  org.apache.shiro.session.mgt.AbstractValidatingSessionManager -
				Validating all active sessions...
2015-06-12 18:32:16.533 [DefaultQuartzScheduler_Worker-1] INFO  org.apache.shiro.session.mgt.AbstractValidatingSessionManager -
				Finished session validation.  No sessions were stopped.
2015-06-12 18:34:45.387 [btpool0-1] INFO  org.apache.shiro.session.mgt.AbstractValidatingSessionManager -
				Enabling session validation scheduler...
2015-06-12 18:34:45.424 [btpool0-1] INFO  org.apache.shiro.cache.ehcache.EhCacheManager -
				Using existing EHCache named [shiro-activeSessionCache]
2015-06-12 18:34:45.429 [DefaultQuartzScheduler_Worker-1] INFO  org.apache.shiro.session.mgt.AbstractValidatingSessionManager -
				Validating all active sessions...
2015-06-12 18:34:45.432 [DefaultQuartzScheduler_Worker-1] INFO  org.apache.shiro.session.mgt.AbstractValidatingSessionManager -
				Finished session validation.  No sessions were stopped.
2015-06-12 19:04:45.391 [DefaultQuartzScheduler_Worker-2] INFO  org.apache.shiro.session.mgt.AbstractValidatingSessionManager -
				Validating all active sessions...
2015-06-12 19:04:45.391 [DefaultQuartzScheduler_Worker-2] INFO  org.apache.shiro.session.mgt.AbstractValidatingSessionManager -
				Finished session validation.  No sessions were stopped.
2015-06-12 19:24:34.258 [btpool0-1] INFO  org.apache.shiro.session.mgt.AbstractValidatingSessionManager -
				Enabling session validation scheduler...
2015-06-12 19:24:34.295 [btpool0-1] INFO  org.apache.shiro.cache.ehcache.EhCacheManager -
				Using existing EHCache named [shiro-activeSessionCache]
2015-06-12 19:24:34.300 [DefaultQuartzScheduler_Worker-1] INFO  org.apache.shiro.session.mgt.AbstractValidatingSessionManager -
				Validating all active sessions...
2015-06-12 19:24:34.303 [DefaultQuartzScheduler_Worker-1] INFO  org.apache.shiro.session.mgt.AbstractValidatingSessionManager -
				Finished session validation.  No sessions were stopped.
2015-06-12 19:54:34.262 [DefaultQuartzScheduler_Worker-2] INFO  org.apache.shiro.session.mgt.AbstractValidatingSessionManager -
				Validating all active sessions...
2015-06-12 19:54:34.263 [DefaultQuartzScheduler_Worker-2] INFO  org.apache.shiro.session.mgt.AbstractValidatingSessionManager -
				Finished session validation.  No sessions were stopped.
2015-06-12 20:24:34.261 [DefaultQuartzScheduler_Worker-3] INFO  org.apache.shiro.session.mgt.AbstractValidatingSessionManager -
				Validating all active sessions...
2015-06-12 20:24:34.261 [DefaultQuartzScheduler_Worker-3] INFO  org.apache.shiro.session.mgt.AbstractValidatingSessionManager -
				Finished session validation.  No sessions were stopped.
2015-06-12 20:33:27.924 [btpool0-1] INFO  org.apache.shiro.session.mgt.AbstractValidatingSessionManager -
				Enabling session validation scheduler...
2015-06-12 20:33:27.960 [btpool0-1] INFO  org.apache.shiro.cache.ehcache.EhCacheManager -
				Using existing EHCache named [shiro-activeSessionCache]
2015-06-12 20:33:27.964 [DefaultQuartzScheduler_Worker-1] INFO  org.apache.shiro.session.mgt.AbstractValidatingSessionManager -
				Validating all active sessions...
2015-06-12 20:33:27.967 [DefaultQuartzScheduler_Worker-1] INFO  org.apache.shiro.session.mgt.AbstractValidatingSessionManager -
				Finished session validation.  No sessions were stopped.
2015-06-12 20:38:17.355 [btpool0-1] INFO  org.apache.shiro.session.mgt.AbstractValidatingSessionManager -
				Enabling session validation scheduler...
2015-06-12 20:38:17.392 [btpool0-1] INFO  org.apache.shiro.cache.ehcache.EhCacheManager -
				Using existing EHCache named [shiro-activeSessionCache]
2015-06-12 20:38:17.396 [DefaultQuartzScheduler_Worker-1] INFO  org.apache.shiro.session.mgt.AbstractValidatingSessionManager -
				Validating all active sessions...
2015-06-12 20:38:17.400 [DefaultQuartzScheduler_Worker-1] INFO  org.apache.shiro.session.mgt.AbstractValidatingSessionManager -
				Finished session validation.  No sessions were stopped.
2015-06-12 21:07:57.915 [btpool0-1] INFO  org.apache.shiro.session.mgt.AbstractValidatingSessionManager -
				Enabling session validation scheduler...
2015-06-12 21:07:57.956 [btpool0-1] INFO  org.apache.shiro.cache.ehcache.EhCacheManager -
				Using existing EHCache named [shiro-activeSessionCache]
2015-06-12 21:07:57.960 [DefaultQuartzScheduler_Worker-1] INFO  org.apache.shiro.session.mgt.AbstractValidatingSessionManager -
				Validating all active sessions...
2015-06-12 21:07:57.964 [DefaultQuartzScheduler_Worker-1] INFO  org.apache.shiro.session.mgt.AbstractValidatingSessionManager -
				Finished session validation.  No sessions were stopped.
2015-06-12 21:41:33.380 [btpool0-1] INFO  org.apache.shiro.session.mgt.AbstractValidatingSessionManager -
				Enabling session validation scheduler...
2015-06-12 21:41:33.425 [btpool0-1] INFO  org.apache.shiro.cache.ehcache.EhCacheManager -
				Using existing EHCache named [shiro-activeSessionCache]
2015-06-12 21:41:33.432 [DefaultQuartzScheduler_Worker-1] INFO  org.apache.shiro.session.mgt.AbstractValidatingSessionManager -
				Validating all active sessions...
2015-06-12 21:41:33.436 [DefaultQuartzScheduler_Worker-1] INFO  org.apache.shiro.session.mgt.AbstractValidatingSessionManager -
				Finished session validation.  No sessions were stopped.
2015-06-12 21:42:12.942 [btpool0-1] INFO  org.apache.shiro.session.mgt.AbstractValidatingSessionManager -
				Enabling session validation scheduler...
2015-06-12 21:42:12.980 [btpool0-1] INFO  org.apache.shiro.cache.ehcache.EhCacheManager -
				Using existing EHCache named [shiro-activeSessionCache]
2015-06-12 21:42:12.985 [DefaultQuartzScheduler_Worker-1] INFO  org.apache.shiro.session.mgt.AbstractValidatingSessionManager -
				Validating all active sessions...
2015-06-12 21:42:12.990 [DefaultQuartzScheduler_Worker-1] INFO  org.apache.shiro.session.mgt.AbstractValidatingSessionManager -
				Finished session validation.  No sessions were stopped.
2015-06-12 22:04:10.369 [btpool0-1] INFO  org.apache.shiro.session.mgt.AbstractValidatingSessionManager -
				Enabling session validation scheduler...
2015-06-12 22:04:10.406 [btpool0-1] INFO  org.apache.shiro.cache.ehcache.EhCacheManager -
				Using existing EHCache named [shiro-activeSessionCache]
2015-06-12 22:04:10.409 [DefaultQuartzScheduler_Worker-1] INFO  org.apache.shiro.session.mgt.AbstractValidatingSessionManager -
				Validating all active sessions...
2015-06-12 22:04:10.413 [DefaultQuartzScheduler_Worker-1] INFO  org.apache.shiro.session.mgt.AbstractValidatingSessionManager -
				Finished session validation.  No sessions were stopped.
2015-06-12 22:37:22.879 [btpool0-1] INFO  org.apache.shiro.cache.ehcache.EhCacheManager -
				Using existing EHCache named [shiro-activeSessionCache]
2015-06-12 23:04:14.884 [btpool0-1] INFO  org.apache.shiro.session.mgt.AbstractValidatingSessionManager -
				Enabling session validation scheduler...
2015-06-12 23:04:14.920 [btpool0-1] INFO  org.apache.shiro.cache.ehcache.EhCacheManager -
				Using existing EHCache named [shiro-activeSessionCache]
2015-06-12 23:04:14.925 [DefaultQuartzScheduler_Worker-1] INFO  org.apache.shiro.session.mgt.AbstractValidatingSessionManager -
				Validating all active sessions...
2015-06-12 23:04:14.928 [DefaultQuartzScheduler_Worker-1] INFO  org.apache.shiro.session.mgt.AbstractValidatingSessionManager -
				Finished session validation.  No sessions were stopped.
2015-06-12 23:07:26.864 [btpool0-1] INFO  org.apache.shiro.session.mgt.AbstractValidatingSessionManager -
				Enabling session validation scheduler...
2015-06-12 23:07:26.900 [btpool0-1] INFO  org.apache.shiro.cache.ehcache.EhCacheManager -
				Using existing EHCache named [shiro-activeSessionCache]
2015-06-12 23:07:26.904 [DefaultQuartzScheduler_Worker-1] INFO  org.apache.shiro.session.mgt.AbstractValidatingSessionManager -
				Validating all active sessions...
2015-06-12 23:07:26.908 [DefaultQuartzScheduler_Worker-1] INFO  org.apache.shiro.session.mgt.AbstractValidatingSessionManager -
				Finished session validation.  No sessions were stopped.
2015-06-12 23:08:12.132 [btpool0-1] INFO  org.apache.shiro.session.mgt.AbstractValidatingSessionManager -
				Enabling session validation scheduler...
2015-06-12 23:08:12.169 [btpool0-1] INFO  org.apache.shiro.cache.ehcache.EhCacheManager -
				Using existing EHCache named [shiro-activeSessionCache]
2015-06-12 23:08:12.174 [DefaultQuartzScheduler_Worker-1] INFO  org.apache.shiro.session.mgt.AbstractValidatingSessionManager -
				Validating all active sessions...
2015-06-12 23:08:12.178 [DefaultQuartzScheduler_Worker-1] INFO  org.apache.shiro.session.mgt.AbstractValidatingSessionManager -
				Finished session validation.  No sessions were stopped.
2015-06-12 23:09:10.528 [btpool0-1] INFO  org.apache.shiro.session.mgt.AbstractValidatingSessionManager -
				Enabling session validation scheduler...
2015-06-12 23:09:10.566 [btpool0-1] INFO  org.apache.shiro.cache.ehcache.EhCacheManager -
				Using existing EHCache named [shiro-activeSessionCache]
2015-06-12 23:09:10.571 [DefaultQuartzScheduler_Worker-1] INFO  org.apache.shiro.session.mgt.AbstractValidatingSessionManager -
				Validating all active sessions...
2015-06-12 23:09:10.575 [DefaultQuartzScheduler_Worker-1] INFO  org.apache.shiro.session.mgt.AbstractValidatingSessionManager -
				Finished session validation.  No sessions were stopped.
2015-06-12 23:21:19.375 [btpool0-1] INFO  org.apache.shiro.session.mgt.AbstractValidatingSessionManager -
				Enabling session validation scheduler...
2015-06-12 23:21:19.412 [btpool0-1] INFO  org.apache.shiro.cache.ehcache.EhCacheManager -
				Using existing EHCache named [shiro-activeSessionCache]
2015-06-12 23:21:19.416 [DefaultQuartzScheduler_Worker-1] INFO  org.apache.shiro.session.mgt.AbstractValidatingSessionManager -
				Validating all active sessions...
2015-06-12 23:21:19.420 [DefaultQuartzScheduler_Worker-1] INFO  org.apache.shiro.session.mgt.AbstractValidatingSessionManager -
				Finished session validation.  No sessions were stopped.
2015-06-12 23:22:16.598 [btpool0-1] INFO  org.apache.shiro.cache.ehcache.EhCacheManager -
				Using existing EHCache named [shiro-activeSessionCache]
2015-06-12 23:22:45.504 [btpool0-1] INFO  org.apache.shiro.cache.ehcache.EhCacheManager -
				Using existing EHCache named [shiro-activeSessionCache]
2015-06-12 23:26:35.516 [btpool0-3] INFO  org.apache.shiro.cache.ehcache.EhCacheManager -
				Using existing EHCache named [shiro-activeSessionCache]
2015-06-12 23:27:08.460 [btpool0-1] INFO  org.apache.shiro.cache.ehcache.EhCacheManager -
				Using existing EHCache named [shiro-activeSessionCache]
