2015-07-07 13:47:42.670 [btpool0-8] ERROR org.lemonPig.os.web.controller.UserController -
				error123
2015-07-07 13:49:57.609 [btpool0-8] ERROR org.lemonPig.os.web.controller.UserController -
				error123
2015-07-07 13:54:30.371 [btpool0-7] ERROR org.lemonPig.os.web.controller.UserController -
				error123
2015-07-07 13:55:02.577 [btpool0-7] ERROR org.lemonPig.os.web.controller.UserController -
				error123
2015-07-07 14:11:30.602 [btpool0-7] ERROR org.lemonPig.os.web.controller.UserController -
				error123
2015-07-07 17:49:30.698 [btpool0-7] ERROR org.lemonPig.os.assist.spring.DefaultExceptionHandler -
				系统执行异常
java.lang.ClassCastException: java.lang.String cannot be cast to java.lang.Integer
	at org.lemonPig.os.web.controller.UserController.queryPageList(UserController.java:124) ~[classes/:na]
	at sun.reflect.NativeMethodAccessorImpl.invoke0(Native Method) ~[na:1.7.0_67]
	at sun.reflect.NativeMethodAccessorImpl.invoke(NativeMethodAccessorImpl.java:57) ~[na:1.7.0_67]
	at sun.reflect.DelegatingMethodAccessorImpl.invoke(DelegatingMethodAccessorImpl.java:43) ~[na:1.7.0_67]
	at java.lang.reflect.Method.invoke(Method.java:606) ~[na:1.7.0_67]
	at org.springframework.web.method.support.InvocableHandlerMethod.invoke(InvocableHandlerMethod.java:215) ~[spring-web-3.2.8.RELEASE.jar:3.2.8.RELEASE]
	at org.springframework.web.method.support.InvocableHandlerMethod.invokeForRequest(InvocableHandlerMethod.java:132) ~[spring-web-3.2.8.RELEASE.jar:3.2.8.RELEASE]
	at org.springframework.web.servlet.mvc.method.annotation.ServletInvocableHandlerMethod.invokeAndHandle(ServletInvocableHandlerMethod.java:104) ~[spring-webmvc-3.2.8.RELEASE.jar:3.2.8.RELEASE]
	at org.springframework.web.servlet.mvc.method.annotation.RequestMappingHandlerAdapter.invokeHandleMethod(RequestMappingHandlerAdapter.java:745) ~[spring-webmvc-3.2.8.RELEASE.jar:3.2.8.RELEASE]
	at org.springframework.web.servlet.mvc.method.annotation.RequestMappingHandlerAdapter.handleInternal(RequestMappingHandlerAdapter.java:686) ~[spring-webmvc-3.2.8.RELEASE.jar:3.2.8.RELEASE]
	at org.springframework.web.servlet.mvc.method.AbstractHandlerMethodAdapter.handle(AbstractHandlerMethodAdapter.java:80) ~[spring-webmvc-3.2.8.RELEASE.jar:3.2.8.RELEASE]
	at org.springframework.web.servlet.DispatcherServlet.doDispatch(DispatcherServlet.java:925) ~[spring-webmvc-3.2.8.RELEASE.jar:3.2.8.RELEASE]
	at org.springframework.web.servlet.DispatcherServlet.doService(DispatcherServlet.java:856) ~[spring-webmvc-3.2.8.RELEASE.jar:3.2.8.RELEASE]
	at org.springframework.web.servlet.FrameworkServlet.processRequest(FrameworkServlet.java:953) [spring-webmvc-3.2.8.RELEASE.jar:3.2.8.RELEASE]
	at org.springframework.web.servlet.FrameworkServlet.doPost(FrameworkServlet.java:855) [spring-webmvc-3.2.8.RELEASE.jar:3.2.8.RELEASE]
	at javax.servlet.http.HttpServlet.service(HttpServlet.java:727) [servlet-api-2.5-6.1.8.jar:6.1.8]
	at org.springframework.web.servlet.FrameworkServlet.service(FrameworkServlet.java:829) [spring-webmvc-3.2.8.RELEASE.jar:3.2.8.RELEASE]
	at javax.servlet.http.HttpServlet.service(HttpServlet.java:820) [servlet-api-2.5-6.1.8.jar:6.1.8]
	at org.mortbay.jetty.servlet.ServletHolder.handle(ServletHolder.java:487) [jetty-6.1.8.jar:6.1.8]
	at org.mortbay.jetty.servlet.ServletHandler$CachedChain.doFilter(ServletHandler.java:1093) [jetty-6.1.8.jar:6.1.8]
	at org.apache.shiro.web.servlet.ProxiedFilterChain.doFilter(ProxiedFilterChain.java:61) [shiro-web-1.2.3.jar:1.2.3]
	at org.apache.shiro.web.servlet.AdviceFilter.executeChain(AdviceFilter.java:108) [shiro-web-1.2.3.jar:1.2.3]
	at org.apache.shiro.web.servlet.AdviceFilter.doFilterInternal(AdviceFilter.java:137) [shiro-web-1.2.3.jar:1.2.3]
	at org.apache.shiro.web.servlet.OncePerRequestFilter.doFilter(OncePerRequestFilter.java:125) [shiro-web-1.2.3.jar:1.2.3]
	at org.apache.shiro.web.servlet.ProxiedFilterChain.doFilter(ProxiedFilterChain.java:66) [shiro-web-1.2.3.jar:1.2.3]
	at org.apache.shiro.web.servlet.AbstractShiroFilter.executeChain(AbstractShiroFilter.java:449) [shiro-web-1.2.3.jar:1.2.3]
	at org.apache.shiro.web.servlet.AbstractShiroFilter$1.call(AbstractShiroFilter.java:365) [shiro-web-1.2.3.jar:1.2.3]
	at org.apache.shiro.subject.support.SubjectCallable.doCall(SubjectCallable.java:90) [shiro-core-1.2.3.jar:1.2.3]
	at org.apache.shiro.subject.support.SubjectCallable.call(SubjectCallable.java:83) [shiro-core-1.2.3.jar:1.2.3]
	at org.apache.shiro.subject.support.DelegatingSubject.execute(DelegatingSubject.java:383) [shiro-core-1.2.3.jar:1.2.3]
	at org.apache.shiro.web.servlet.AbstractShiroFilter.doFilterInternal(AbstractShiroFilter.java:362) [shiro-web-1.2.3.jar:1.2.3]
	at org.apache.shiro.web.servlet.OncePerRequestFilter.doFilter(OncePerRequestFilter.java:125) [shiro-web-1.2.3.jar:1.2.3]
	at org.springframework.web.filter.DelegatingFilterProxy.invokeDelegate(DelegatingFilterProxy.java:343) [spring-web-3.2.8.RELEASE.jar:3.2.8.RELEASE]
	at org.springframework.web.filter.DelegatingFilterProxy.doFilter(DelegatingFilterProxy.java:260) [spring-web-3.2.8.RELEASE.jar:3.2.8.RELEASE]
	at org.mortbay.jetty.servlet.ServletHandler$CachedChain.doFilter(ServletHandler.java:1084) [jetty-6.1.8.jar:6.1.8]
	at com.opensymphony.sitemesh.webapp.SiteMeshFilter.obtainContent(SiteMeshFilter.java:129) [sitemesh-2.4.2.jar:na]
	at com.opensymphony.sitemesh.webapp.SiteMeshFilter.doFilter(SiteMeshFilter.java:77) [sitemesh-2.4.2.jar:na]
	at org.mortbay.jetty.servlet.ServletHandler$CachedChain.doFilter(ServletHandler.java:1084) [jetty-6.1.8.jar:6.1.8]
	at org.springframework.web.filter.CharacterEncodingFilter.doFilterInternal(CharacterEncodingFilter.java:88) [spring-web-3.2.8.RELEASE.jar:3.2.8.RELEASE]
	at org.springframework.web.filter.OncePerRequestFilter.doFilter(OncePerRequestFilter.java:107) [spring-web-3.2.8.RELEASE.jar:3.2.8.RELEASE]
	at org.mortbay.jetty.servlet.ServletHandler$CachedChain.doFilter(ServletHandler.java:1084) [jetty-6.1.8.jar:6.1.8]
	at org.mortbay.jetty.servlet.ServletHandler.handle(ServletHandler.java:360) [jetty-6.1.8.jar:6.1.8]
	at org.mortbay.jetty.security.SecurityHandler.handle(SecurityHandler.java:216) [jetty-6.1.8.jar:6.1.8]
	at org.mortbay.jetty.servlet.SessionHandler.handle(SessionHandler.java:181) [jetty-6.1.8.jar:6.1.8]
	at org.mortbay.jetty.handler.ContextHandler.handle(ContextHandler.java:726) [jetty-6.1.8.jar:6.1.8]
	at org.mortbay.jetty.webapp.WebAppContext.handle(WebAppContext.java:405) [jetty-6.1.8.jar:6.1.8]
	at org.mortbay.jetty.handler.ContextHandlerCollection.handle(ContextHandlerCollection.java:206) [jetty-6.1.8.jar:6.1.8]
	at org.mortbay.jetty.handler.HandlerCollection.handle(HandlerCollection.java:114) [jetty-6.1.8.jar:6.1.8]
	at org.mortbay.jetty.handler.HandlerWrapper.handle(HandlerWrapper.java:152) [jetty-6.1.8.jar:6.1.8]
	at org.mortbay.jetty.Server.handle(Server.java:324) [jetty-6.1.8.jar:6.1.8]
	at org.mortbay.jetty.HttpConnection.handleRequest(HttpConnection.java:505) [jetty-6.1.8.jar:6.1.8]
	at org.mortbay.jetty.HttpConnection$RequestHandler.content(HttpConnection.java:842) [jetty-6.1.8.jar:6.1.8]
	at org.mortbay.jetty.HttpParser.parseNext(HttpParser.java:648) [jetty-6.1.8.jar:6.1.8]
	at org.mortbay.jetty.HttpParser.parseAvailable(HttpParser.java:211) [jetty-6.1.8.jar:6.1.8]
	at org.mortbay.jetty.HttpConnection.handle(HttpConnection.java:380) [jetty-6.1.8.jar:6.1.8]
	at org.mortbay.io.nio.SelectChannelEndPoint.run(SelectChannelEndPoint.java:395) [jetty-6.1.8.jar:6.1.8]
	at org.mortbay.thread.BoundedThreadPool$PoolThread.run(BoundedThreadPool.java:450) [jetty-util-6.1.8.jar:6.1.8]
2015-07-07 17:56:26.283 [btpool0-6] ERROR org.lemonPig.os.assist.spring.DefaultExceptionHandler -
				系统执行异常
java.lang.RuntimeException: Value for username cannot be null
	at org.lemonPig.os.core.pojo.UserPOJOExample$GeneratedCriteria.addCriterion(UserPOJOExample.java:181) ~[os-core-0.0.1-SNAPSHOT.jar:${build.branch}/${build.commit.id}]
	at org.lemonPig.os.core.pojo.UserPOJOExample$GeneratedCriteria.andUsernameEqualTo(UserPOJOExample.java:264) ~[os-core-0.0.1-SNAPSHOT.jar:${build.branch}/${build.commit.id}]
	at org.lemonPig.os.core.pojo.UserPOJOExample$Criteria.andUsernameEqualTo(UserPOJOExample.java:1) ~[os-core-0.0.1-SNAPSHOT.jar:${build.branch}/${build.commit.id}]
	at org.lemonPig.os.core.serviceImpl.UserServiceImpl.findUserByPage(UserServiceImpl.java:47) ~[os-core-0.0.1-SNAPSHOT.jar:${build.branch}/${build.commit.id}]
	at org.lemonPig.os.web.controller.UserController.queryPageList(UserController.java:131) ~[classes/:na]
	at sun.reflect.NativeMethodAccessorImpl.invoke0(Native Method) ~[na:1.7.0_67]
	at sun.reflect.NativeMethodAccessorImpl.invoke(NativeMethodAccessorImpl.java:57) ~[na:1.7.0_67]
	at sun.reflect.DelegatingMethodAccessorImpl.invoke(DelegatingMethodAccessorImpl.java:43) ~[na:1.7.0_67]
	at java.lang.reflect.Method.invoke(Method.java:606) ~[na:1.7.0_67]
	at org.springframework.web.method.support.InvocableHandlerMethod.invoke(InvocableHandlerMethod.java:215) ~[spring-web-3.2.8.RELEASE.jar:3.2.8.RELEASE]
	at org.springframework.web.method.support.InvocableHandlerMethod.invokeForRequest(InvocableHandlerMethod.java:132) ~[spring-web-3.2.8.RELEASE.jar:3.2.8.RELEASE]
	at org.springframework.web.servlet.mvc.method.annotation.ServletInvocableHandlerMethod.invokeAndHandle(ServletInvocableHandlerMethod.java:104) ~[spring-webmvc-3.2.8.RELEASE.jar:3.2.8.RELEASE]
	at org.springframework.web.servlet.mvc.method.annotation.RequestMappingHandlerAdapter.invokeHandleMethod(RequestMappingHandlerAdapter.java:745) ~[spring-webmvc-3.2.8.RELEASE.jar:3.2.8.RELEASE]
	at org.springframework.web.servlet.mvc.method.annotation.RequestMappingHandlerAdapter.handleInternal(RequestMappingHandlerAdapter.java:686) ~[spring-webmvc-3.2.8.RELEASE.jar:3.2.8.RELEASE]
	at org.springframework.web.servlet.mvc.method.AbstractHandlerMethodAdapter.handle(AbstractHandlerMethodAdapter.java:80) ~[spring-webmvc-3.2.8.RELEASE.jar:3.2.8.RELEASE]
	at org.springframework.web.servlet.DispatcherServlet.doDispatch(DispatcherServlet.java:925) ~[spring-webmvc-3.2.8.RELEASE.jar:3.2.8.RELEASE]
	at org.springframework.web.servlet.DispatcherServlet.doService(DispatcherServlet.java:856) ~[spring-webmvc-3.2.8.RELEASE.jar:3.2.8.RELEASE]
	at org.springframework.web.servlet.FrameworkServlet.processRequest(FrameworkServlet.java:953) [spring-webmvc-3.2.8.RELEASE.jar:3.2.8.RELEASE]
	at org.springframework.web.servlet.FrameworkServlet.doPost(FrameworkServlet.java:855) [spring-webmvc-3.2.8.RELEASE.jar:3.2.8.RELEASE]
	at javax.servlet.http.HttpServlet.service(HttpServlet.java:727) [servlet-api-2.5-6.1.8.jar:6.1.8]
	at org.springframework.web.servlet.FrameworkServlet.service(FrameworkServlet.java:829) [spring-webmvc-3.2.8.RELEASE.jar:3.2.8.RELEASE]
	at javax.servlet.http.HttpServlet.service(HttpServlet.java:820) [servlet-api-2.5-6.1.8.jar:6.1.8]
	at org.mortbay.jetty.servlet.ServletHolder.handle(ServletHolder.java:487) [jetty-6.1.8.jar:6.1.8]
	at org.mortbay.jetty.servlet.ServletHandler$CachedChain.doFilter(ServletHandler.java:1093) [jetty-6.1.8.jar:6.1.8]
	at org.apache.shiro.web.servlet.ProxiedFilterChain.doFilter(ProxiedFilterChain.java:61) [shiro-web-1.2.3.jar:1.2.3]
	at org.apache.shiro.web.servlet.AdviceFilter.executeChain(AdviceFilter.java:108) [shiro-web-1.2.3.jar:1.2.3]
	at org.apache.shiro.web.servlet.AdviceFilter.doFilterInternal(AdviceFilter.java:137) [shiro-web-1.2.3.jar:1.2.3]
	at org.apache.shiro.web.servlet.OncePerRequestFilter.doFilter(OncePerRequestFilter.java:125) [shiro-web-1.2.3.jar:1.2.3]
	at org.apache.shiro.web.servlet.ProxiedFilterChain.doFilter(ProxiedFilterChain.java:66) [shiro-web-1.2.3.jar:1.2.3]
	at org.apache.shiro.web.servlet.AbstractShiroFilter.executeChain(AbstractShiroFilter.java:449) [shiro-web-1.2.3.jar:1.2.3]
	at org.apache.shiro.web.servlet.AbstractShiroFilter$1.call(AbstractShiroFilter.java:365) [shiro-web-1.2.3.jar:1.2.3]
	at org.apache.shiro.subject.support.SubjectCallable.doCall(SubjectCallable.java:90) [shiro-core-1.2.3.jar:1.2.3]
	at org.apache.shiro.subject.support.SubjectCallable.call(SubjectCallable.java:83) [shiro-core-1.2.3.jar:1.2.3]
	at org.apache.shiro.subject.support.DelegatingSubject.execute(DelegatingSubject.java:383) [shiro-core-1.2.3.jar:1.2.3]
	at org.apache.shiro.web.servlet.AbstractShiroFilter.doFilterInternal(AbstractShiroFilter.java:362) [shiro-web-1.2.3.jar:1.2.3]
	at org.apache.shiro.web.servlet.OncePerRequestFilter.doFilter(OncePerRequestFilter.java:125) [shiro-web-1.2.3.jar:1.2.3]
	at org.springframework.web.filter.DelegatingFilterProxy.invokeDelegate(DelegatingFilterProxy.java:343) [spring-web-3.2.8.RELEASE.jar:3.2.8.RELEASE]
	at org.springframework.web.filter.DelegatingFilterProxy.doFilter(DelegatingFilterProxy.java:260) [spring-web-3.2.8.RELEASE.jar:3.2.8.RELEASE]
	at org.mortbay.jetty.servlet.ServletHandler$CachedChain.doFilter(ServletHandler.java:1084) [jetty-6.1.8.jar:6.1.8]
	at com.opensymphony.sitemesh.webapp.SiteMeshFilter.obtainContent(SiteMeshFilter.java:129) [sitemesh-2.4.2.jar:na]
	at com.opensymphony.sitemesh.webapp.SiteMeshFilter.doFilter(SiteMeshFilter.java:77) [sitemesh-2.4.2.jar:na]
	at org.mortbay.jetty.servlet.ServletHandler$CachedChain.doFilter(ServletHandler.java:1084) [jetty-6.1.8.jar:6.1.8]
	at org.springframework.web.filter.CharacterEncodingFilter.doFilterInternal(CharacterEncodingFilter.java:88) [spring-web-3.2.8.RELEASE.jar:3.2.8.RELEASE]
	at org.springframework.web.filter.OncePerRequestFilter.doFilter(OncePerRequestFilter.java:107) [spring-web-3.2.8.RELEASE.jar:3.2.8.RELEASE]
	at org.mortbay.jetty.servlet.ServletHandler$CachedChain.doFilter(ServletHandler.java:1084) [jetty-6.1.8.jar:6.1.8]
	at org.mortbay.jetty.servlet.ServletHandler.handle(ServletHandler.java:360) [jetty-6.1.8.jar:6.1.8]
	at org.mortbay.jetty.security.SecurityHandler.handle(SecurityHandler.java:216) [jetty-6.1.8.jar:6.1.8]
	at org.mortbay.jetty.servlet.SessionHandler.handle(SessionHandler.java:181) [jetty-6.1.8.jar:6.1.8]
	at org.mortbay.jetty.handler.ContextHandler.handle(ContextHandler.java:726) [jetty-6.1.8.jar:6.1.8]
	at org.mortbay.jetty.webapp.WebAppContext.handle(WebAppContext.java:405) [jetty-6.1.8.jar:6.1.8]
	at org.mortbay.jetty.handler.ContextHandlerCollection.handle(ContextHandlerCollection.java:206) [jetty-6.1.8.jar:6.1.8]
	at org.mortbay.jetty.handler.HandlerCollection.handle(HandlerCollection.java:114) [jetty-6.1.8.jar:6.1.8]
	at org.mortbay.jetty.handler.HandlerWrapper.handle(HandlerWrapper.java:152) [jetty-6.1.8.jar:6.1.8]
	at org.mortbay.jetty.Server.handle(Server.java:324) [jetty-6.1.8.jar:6.1.8]
	at org.mortbay.jetty.HttpConnection.handleRequest(HttpConnection.java:505) [jetty-6.1.8.jar:6.1.8]
	at org.mortbay.jetty.HttpConnection$RequestHandler.content(HttpConnection.java:842) [jetty-6.1.8.jar:6.1.8]
	at org.mortbay.jetty.HttpParser.parseNext(HttpParser.java:648) [jetty-6.1.8.jar:6.1.8]
	at org.mortbay.jetty.HttpParser.parseAvailable(HttpParser.java:205) [jetty-6.1.8.jar:6.1.8]
	at org.mortbay.jetty.HttpConnection.handle(HttpConnection.java:380) [jetty-6.1.8.jar:6.1.8]
	at org.mortbay.io.nio.SelectChannelEndPoint.run(SelectChannelEndPoint.java:395) [jetty-6.1.8.jar:6.1.8]
	at org.mortbay.thread.BoundedThreadPool$PoolThread.run(BoundedThreadPool.java:450) [jetty-util-6.1.8.jar:6.1.8]
2015-07-07 18:03:05.060 [btpool0-7] ERROR org.lemonPig.os.assist.spring.DefaultExceptionHandler -
				系统执行异常
java.lang.RuntimeException: Value for username cannot be null
	at org.lemonPig.os.core.pojo.UserPOJOExample$GeneratedCriteria.addCriterion(UserPOJOExample.java:181) ~[os-core-0.0.1-SNAPSHOT.jar:${build.branch}/${build.commit.id}]
	at org.lemonPig.os.core.pojo.UserPOJOExample$GeneratedCriteria.andUsernameEqualTo(UserPOJOExample.java:264) ~[os-core-0.0.1-SNAPSHOT.jar:${build.branch}/${build.commit.id}]
	at org.lemonPig.os.core.pojo.UserPOJOExample$Criteria.andUsernameEqualTo(UserPOJOExample.java:1) ~[os-core-0.0.1-SNAPSHOT.jar:${build.branch}/${build.commit.id}]
	at org.lemonPig.os.core.serviceImpl.UserServiceImpl.findUserByPage(UserServiceImpl.java:47) ~[os-core-0.0.1-SNAPSHOT.jar:${build.branch}/${build.commit.id}]
	at org.lemonPig.os.web.controller.UserController.queryPageList(UserController.java:131) ~[classes/:na]
	at sun.reflect.NativeMethodAccessorImpl.invoke0(Native Method) ~[na:1.7.0_67]
	at sun.reflect.NativeMethodAccessorImpl.invoke(NativeMethodAccessorImpl.java:57) ~[na:1.7.0_67]
	at sun.reflect.DelegatingMethodAccessorImpl.invoke(DelegatingMethodAccessorImpl.java:43) ~[na:1.7.0_67]
	at java.lang.reflect.Method.invoke(Method.java:606) ~[na:1.7.0_67]
	at org.springframework.web.method.support.InvocableHandlerMethod.invoke(InvocableHandlerMethod.java:215) ~[spring-web-3.2.8.RELEASE.jar:3.2.8.RELEASE]
	at org.springframework.web.method.support.InvocableHandlerMethod.invokeForRequest(InvocableHandlerMethod.java:132) ~[spring-web-3.2.8.RELEASE.jar:3.2.8.RELEASE]
	at org.springframework.web.servlet.mvc.method.annotation.ServletInvocableHandlerMethod.invokeAndHandle(ServletInvocableHandlerMethod.java:104) ~[spring-webmvc-3.2.8.RELEASE.jar:3.2.8.RELEASE]
	at org.springframework.web.servlet.mvc.method.annotation.RequestMappingHandlerAdapter.invokeHandleMethod(RequestMappingHandlerAdapter.java:745) ~[spring-webmvc-3.2.8.RELEASE.jar:3.2.8.RELEASE]
	at org.springframework.web.servlet.mvc.method.annotation.RequestMappingHandlerAdapter.handleInternal(RequestMappingHandlerAdapter.java:686) ~[spring-webmvc-3.2.8.RELEASE.jar:3.2.8.RELEASE]
	at org.springframework.web.servlet.mvc.method.AbstractHandlerMethodAdapter.handle(AbstractHandlerMethodAdapter.java:80) ~[spring-webmvc-3.2.8.RELEASE.jar:3.2.8.RELEASE]
	at org.springframework.web.servlet.DispatcherServlet.doDispatch(DispatcherServlet.java:925) ~[spring-webmvc-3.2.8.RELEASE.jar:3.2.8.RELEASE]
	at org.springframework.web.servlet.DispatcherServlet.doService(DispatcherServlet.java:856) ~[spring-webmvc-3.2.8.RELEASE.jar:3.2.8.RELEASE]
	at org.springframework.web.servlet.FrameworkServlet.processRequest(FrameworkServlet.java:953) [spring-webmvc-3.2.8.RELEASE.jar:3.2.8.RELEASE]
	at org.springframework.web.servlet.FrameworkServlet.doPost(FrameworkServlet.java:855) [spring-webmvc-3.2.8.RELEASE.jar:3.2.8.RELEASE]
	at javax.servlet.http.HttpServlet.service(HttpServlet.java:727) [servlet-api-2.5-6.1.8.jar:6.1.8]
	at org.springframework.web.servlet.FrameworkServlet.service(FrameworkServlet.java:829) [spring-webmvc-3.2.8.RELEASE.jar:3.2.8.RELEASE]
	at javax.servlet.http.HttpServlet.service(HttpServlet.java:820) [servlet-api-2.5-6.1.8.jar:6.1.8]
	at org.mortbay.jetty.servlet.ServletHolder.handle(ServletHolder.java:487) [jetty-6.1.8.jar:6.1.8]
	at org.mortbay.jetty.servlet.ServletHandler$CachedChain.doFilter(ServletHandler.java:1093) [jetty-6.1.8.jar:6.1.8]
	at org.apache.shiro.web.servlet.ProxiedFilterChain.doFilter(ProxiedFilterChain.java:61) [shiro-web-1.2.3.jar:1.2.3]
	at org.apache.shiro.web.servlet.AdviceFilter.executeChain(AdviceFilter.java:108) [shiro-web-1.2.3.jar:1.2.3]
	at org.apache.shiro.web.servlet.AdviceFilter.doFilterInternal(AdviceFilter.java:137) [shiro-web-1.2.3.jar:1.2.3]
	at org.apache.shiro.web.servlet.OncePerRequestFilter.doFilter(OncePerRequestFilter.java:125) [shiro-web-1.2.3.jar:1.2.3]
	at org.apache.shiro.web.servlet.ProxiedFilterChain.doFilter(ProxiedFilterChain.java:66) [shiro-web-1.2.3.jar:1.2.3]
	at org.apache.shiro.web.servlet.AbstractShiroFilter.executeChain(AbstractShiroFilter.java:449) [shiro-web-1.2.3.jar:1.2.3]
	at org.apache.shiro.web.servlet.AbstractShiroFilter$1.call(AbstractShiroFilter.java:365) [shiro-web-1.2.3.jar:1.2.3]
	at org.apache.shiro.subject.support.SubjectCallable.doCall(SubjectCallable.java:90) [shiro-core-1.2.3.jar:1.2.3]
	at org.apache.shiro.subject.support.SubjectCallable.call(SubjectCallable.java:83) [shiro-core-1.2.3.jar:1.2.3]
	at org.apache.shiro.subject.support.DelegatingSubject.execute(DelegatingSubject.java:383) [shiro-core-1.2.3.jar:1.2.3]
	at org.apache.shiro.web.servlet.AbstractShiroFilter.doFilterInternal(AbstractShiroFilter.java:362) [shiro-web-1.2.3.jar:1.2.3]
	at org.apache.shiro.web.servlet.OncePerRequestFilter.doFilter(OncePerRequestFilter.java:125) [shiro-web-1.2.3.jar:1.2.3]
	at org.springframework.web.filter.DelegatingFilterProxy.invokeDelegate(DelegatingFilterProxy.java:343) [spring-web-3.2.8.RELEASE.jar:3.2.8.RELEASE]
	at org.springframework.web.filter.DelegatingFilterProxy.doFilter(DelegatingFilterProxy.java:260) [spring-web-3.2.8.RELEASE.jar:3.2.8.RELEASE]
	at org.mortbay.jetty.servlet.ServletHandler$CachedChain.doFilter(ServletHandler.java:1084) [jetty-6.1.8.jar:6.1.8]
	at com.opensymphony.sitemesh.webapp.SiteMeshFilter.obtainContent(SiteMeshFilter.java:129) [sitemesh-2.4.2.jar:na]
	at com.opensymphony.sitemesh.webapp.SiteMeshFilter.doFilter(SiteMeshFilter.java:77) [sitemesh-2.4.2.jar:na]
	at org.mortbay.jetty.servlet.ServletHandler$CachedChain.doFilter(ServletHandler.java:1084) [jetty-6.1.8.jar:6.1.8]
	at org.springframework.web.filter.CharacterEncodingFilter.doFilterInternal(CharacterEncodingFilter.java:88) [spring-web-3.2.8.RELEASE.jar:3.2.8.RELEASE]
	at org.springframework.web.filter.OncePerRequestFilter.doFilter(OncePerRequestFilter.java:107) [spring-web-3.2.8.RELEASE.jar:3.2.8.RELEASE]
	at org.mortbay.jetty.servlet.ServletHandler$CachedChain.doFilter(ServletHandler.java:1084) [jetty-6.1.8.jar:6.1.8]
	at org.mortbay.jetty.servlet.ServletHandler.handle(ServletHandler.java:360) [jetty-6.1.8.jar:6.1.8]
	at org.mortbay.jetty.security.SecurityHandler.handle(SecurityHandler.java:216) [jetty-6.1.8.jar:6.1.8]
	at org.mortbay.jetty.servlet.SessionHandler.handle(SessionHandler.java:181) [jetty-6.1.8.jar:6.1.8]
	at org.mortbay.jetty.handler.ContextHandler.handle(ContextHandler.java:726) [jetty-6.1.8.jar:6.1.8]
	at org.mortbay.jetty.webapp.WebAppContext.handle(WebAppContext.java:405) [jetty-6.1.8.jar:6.1.8]
	at org.mortbay.jetty.handler.ContextHandlerCollection.handle(ContextHandlerCollection.java:206) [jetty-6.1.8.jar:6.1.8]
	at org.mortbay.jetty.handler.HandlerCollection.handle(HandlerCollection.java:114) [jetty-6.1.8.jar:6.1.8]
	at org.mortbay.jetty.handler.HandlerWrapper.handle(HandlerWrapper.java:152) [jetty-6.1.8.jar:6.1.8]
	at org.mortbay.jetty.Server.handle(Server.java:324) [jetty-6.1.8.jar:6.1.8]
	at org.mortbay.jetty.HttpConnection.handleRequest(HttpConnection.java:505) [jetty-6.1.8.jar:6.1.8]
	at org.mortbay.jetty.HttpConnection$RequestHandler.content(HttpConnection.java:842) [jetty-6.1.8.jar:6.1.8]
	at org.mortbay.jetty.HttpParser.parseNext(HttpParser.java:648) [jetty-6.1.8.jar:6.1.8]
	at org.mortbay.jetty.HttpParser.parseAvailable(HttpParser.java:205) [jetty-6.1.8.jar:6.1.8]
	at org.mortbay.jetty.HttpConnection.handle(HttpConnection.java:380) [jetty-6.1.8.jar:6.1.8]
	at org.mortbay.io.nio.SelectChannelEndPoint.run(SelectChannelEndPoint.java:395) [jetty-6.1.8.jar:6.1.8]
	at org.mortbay.thread.BoundedThreadPool$PoolThread.run(BoundedThreadPool.java:450) [jetty-util-6.1.8.jar:6.1.8]
2015-07-07 18:04:14.158 [btpool0-5] ERROR org.lemonPig.os.assist.spring.DefaultExceptionHandler -
				系统执行异常
org.mybatis.spring.MyBatisSystemException: nested exception is org.apache.ibatis.exceptions.PersistenceException: 
### Error querying database.  Cause: java.lang.IllegalArgumentException: selectByExample is ambiguous in Mapped Statements collection (try using the full name including the namespace, or rename one of the entries)
### Cause: java.lang.IllegalArgumentException: selectByExample is ambiguous in Mapped Statements collection (try using the full name including the namespace, or rename one of the entries)
	at org.mybatis.spring.MyBatisExceptionTranslator.translateExceptionIfPossible(MyBatisExceptionTranslator.java:75) ~[mybatis-spring-1.2.1.jar:1.2.1]
	at org.mybatis.spring.SqlSessionTemplate$SqlSessionInterceptor.invoke(SqlSessionTemplate.java:368) ~[mybatis-spring-1.2.1.jar:1.2.1]
	at com.sun.proxy.$Proxy27.selectList(Unknown Source) ~[na:na]
	at org.mybatis.spring.SqlSessionTemplate.selectList(SqlSessionTemplate.java:205) ~[mybatis-spring-1.2.1.jar:1.2.1]
	at org.lemonPig.os.core.daoImpl.GeneralDao.selectPageByExample(GeneralDao.java:103) ~[os-core-0.0.1-SNAPSHOT.jar:${build.branch}/${build.commit.id}]
	at org.lemonPig.os.core.serviceImpl.UserServiceImpl.findUserByPage(UserServiceImpl.java:61) ~[os-core-0.0.1-SNAPSHOT.jar:${build.branch}/${build.commit.id}]
	at org.lemonPig.os.web.controller.UserController.queryPageList(UserController.java:131) ~[classes/:na]
	at sun.reflect.NativeMethodAccessorImpl.invoke0(Native Method) ~[na:1.7.0_67]
	at sun.reflect.NativeMethodAccessorImpl.invoke(NativeMethodAccessorImpl.java:57) ~[na:1.7.0_67]
	at sun.reflect.DelegatingMethodAccessorImpl.invoke(DelegatingMethodAccessorImpl.java:43) ~[na:1.7.0_67]
	at java.lang.reflect.Method.invoke(Method.java:606) ~[na:1.7.0_67]
	at org.springframework.web.method.support.InvocableHandlerMethod.invoke(InvocableHandlerMethod.java:215) ~[spring-web-3.2.8.RELEASE.jar:3.2.8.RELEASE]
	at org.springframework.web.method.support.InvocableHandlerMethod.invokeForRequest(InvocableHandlerMethod.java:132) ~[spring-web-3.2.8.RELEASE.jar:3.2.8.RELEASE]
	at org.springframework.web.servlet.mvc.method.annotation.ServletInvocableHandlerMethod.invokeAndHandle(ServletInvocableHandlerMethod.java:104) ~[spring-webmvc-3.2.8.RELEASE.jar:3.2.8.RELEASE]
	at org.springframework.web.servlet.mvc.method.annotation.RequestMappingHandlerAdapter.invokeHandleMethod(RequestMappingHandlerAdapter.java:745) ~[spring-webmvc-3.2.8.RELEASE.jar:3.2.8.RELEASE]
	at org.springframework.web.servlet.mvc.method.annotation.RequestMappingHandlerAdapter.handleInternal(RequestMappingHandlerAdapter.java:686) ~[spring-webmvc-3.2.8.RELEASE.jar:3.2.8.RELEASE]
	at org.springframework.web.servlet.mvc.method.AbstractHandlerMethodAdapter.handle(AbstractHandlerMethodAdapter.java:80) ~[spring-webmvc-3.2.8.RELEASE.jar:3.2.8.RELEASE]
	at org.springframework.web.servlet.DispatcherServlet.doDispatch(DispatcherServlet.java:925) ~[spring-webmvc-3.2.8.RELEASE.jar:3.2.8.RELEASE]
	at org.springframework.web.servlet.DispatcherServlet.doService(DispatcherServlet.java:856) ~[spring-webmvc-3.2.8.RELEASE.jar:3.2.8.RELEASE]
	at org.springframework.web.servlet.FrameworkServlet.processRequest(FrameworkServlet.java:953) [spring-webmvc-3.2.8.RELEASE.jar:3.2.8.RELEASE]
	at org.springframework.web.servlet.FrameworkServlet.doPost(FrameworkServlet.java:855) [spring-webmvc-3.2.8.RELEASE.jar:3.2.8.RELEASE]
	at javax.servlet.http.HttpServlet.service(HttpServlet.java:727) [servlet-api-2.5-6.1.8.jar:6.1.8]
	at org.springframework.web.servlet.FrameworkServlet.service(FrameworkServlet.java:829) [spring-webmvc-3.2.8.RELEASE.jar:3.2.8.RELEASE]
	at javax.servlet.http.HttpServlet.service(HttpServlet.java:820) [servlet-api-2.5-6.1.8.jar:6.1.8]
	at org.mortbay.jetty.servlet.ServletHolder.handle(ServletHolder.java:487) [jetty-6.1.8.jar:6.1.8]
	at org.mortbay.jetty.servlet.ServletHandler$CachedChain.doFilter(ServletHandler.java:1093) [jetty-6.1.8.jar:6.1.8]
	at org.apache.shiro.web.servlet.ProxiedFilterChain.doFilter(ProxiedFilterChain.java:61) [shiro-web-1.2.3.jar:1.2.3]
	at org.apache.shiro.web.servlet.AdviceFilter.executeChain(AdviceFilter.java:108) [shiro-web-1.2.3.jar:1.2.3]
	at org.apache.shiro.web.servlet.AdviceFilter.doFilterInternal(AdviceFilter.java:137) [shiro-web-1.2.3.jar:1.2.3]
	at org.apache.shiro.web.servlet.OncePerRequestFilter.doFilter(OncePerRequestFilter.java:125) [shiro-web-1.2.3.jar:1.2.3]
	at org.apache.shiro.web.servlet.ProxiedFilterChain.doFilter(ProxiedFilterChain.java:66) [shiro-web-1.2.3.jar:1.2.3]
	at org.apache.shiro.web.servlet.AbstractShiroFilter.executeChain(AbstractShiroFilter.java:449) [shiro-web-1.2.3.jar:1.2.3]
	at org.apache.shiro.web.servlet.AbstractShiroFilter$1.call(AbstractShiroFilter.java:365) [shiro-web-1.2.3.jar:1.2.3]
	at org.apache.shiro.subject.support.SubjectCallable.doCall(SubjectCallable.java:90) [shiro-core-1.2.3.jar:1.2.3]
	at org.apache.shiro.subject.support.SubjectCallable.call(SubjectCallable.java:83) [shiro-core-1.2.3.jar:1.2.3]
	at org.apache.shiro.subject.support.DelegatingSubject.execute(DelegatingSubject.java:383) [shiro-core-1.2.3.jar:1.2.3]
	at org.apache.shiro.web.servlet.AbstractShiroFilter.doFilterInternal(AbstractShiroFilter.java:362) [shiro-web-1.2.3.jar:1.2.3]
	at org.apache.shiro.web.servlet.OncePerRequestFilter.doFilter(OncePerRequestFilter.java:125) [shiro-web-1.2.3.jar:1.2.3]
	at org.springframework.web.filter.DelegatingFilterProxy.invokeDelegate(DelegatingFilterProxy.java:343) [spring-web-3.2.8.RELEASE.jar:3.2.8.RELEASE]
	at org.springframework.web.filter.DelegatingFilterProxy.doFilter(DelegatingFilterProxy.java:260) [spring-web-3.2.8.RELEASE.jar:3.2.8.RELEASE]
	at org.mortbay.jetty.servlet.ServletHandler$CachedChain.doFilter(ServletHandler.java:1084) [jetty-6.1.8.jar:6.1.8]
	at com.opensymphony.sitemesh.webapp.SiteMeshFilter.obtainContent(SiteMeshFilter.java:129) [sitemesh-2.4.2.jar:na]
	at com.opensymphony.sitemesh.webapp.SiteMeshFilter.doFilter(SiteMeshFilter.java:77) [sitemesh-2.4.2.jar:na]
	at org.mortbay.jetty.servlet.ServletHandler$CachedChain.doFilter(ServletHandler.java:1084) [jetty-6.1.8.jar:6.1.8]
	at org.springframework.web.filter.CharacterEncodingFilter.doFilterInternal(CharacterEncodingFilter.java:88) [spring-web-3.2.8.RELEASE.jar:3.2.8.RELEASE]
	at org.springframework.web.filter.OncePerRequestFilter.doFilter(OncePerRequestFilter.java:107) [spring-web-3.2.8.RELEASE.jar:3.2.8.RELEASE]
	at org.mortbay.jetty.servlet.ServletHandler$CachedChain.doFilter(ServletHandler.java:1084) [jetty-6.1.8.jar:6.1.8]
	at org.mortbay.jetty.servlet.ServletHandler.handle(ServletHandler.java:360) [jetty-6.1.8.jar:6.1.8]
	at org.mortbay.jetty.security.SecurityHandler.handle(SecurityHandler.java:216) [jetty-6.1.8.jar:6.1.8]
	at org.mortbay.jetty.servlet.SessionHandler.handle(SessionHandler.java:181) [jetty-6.1.8.jar:6.1.8]
	at org.mortbay.jetty.handler.ContextHandler.handle(ContextHandler.java:726) [jetty-6.1.8.jar:6.1.8]
	at org.mortbay.jetty.webapp.WebAppContext.handle(WebAppContext.java:405) [jetty-6.1.8.jar:6.1.8]
	at org.mortbay.jetty.handler.ContextHandlerCollection.handle(ContextHandlerCollection.java:206) [jetty-6.1.8.jar:6.1.8]
	at org.mortbay.jetty.handler.HandlerCollection.handle(HandlerCollection.java:114) [jetty-6.1.8.jar:6.1.8]
	at org.mortbay.jetty.handler.HandlerWrapper.handle(HandlerWrapper.java:152) [jetty-6.1.8.jar:6.1.8]
	at org.mortbay.jetty.Server.handle(Server.java:324) [jetty-6.1.8.jar:6.1.8]
	at org.mortbay.jetty.HttpConnection.handleRequest(HttpConnection.java:505) [jetty-6.1.8.jar:6.1.8]
	at org.mortbay.jetty.HttpConnection$RequestHandler.content(HttpConnection.java:842) [jetty-6.1.8.jar:6.1.8]
	at org.mortbay.jetty.HttpParser.parseNext(HttpParser.java:648) [jetty-6.1.8.jar:6.1.8]
	at org.mortbay.jetty.HttpParser.parseAvailable(HttpParser.java:211) [jetty-6.1.8.jar:6.1.8]
	at org.mortbay.jetty.HttpConnection.handle(HttpConnection.java:380) [jetty-6.1.8.jar:6.1.8]
	at org.mortbay.io.nio.SelectChannelEndPoint.run(SelectChannelEndPoint.java:395) [jetty-6.1.8.jar:6.1.8]
	at org.mortbay.thread.BoundedThreadPool$PoolThread.run(BoundedThreadPool.java:450) [jetty-util-6.1.8.jar:6.1.8]
Caused by: org.apache.ibatis.exceptions.PersistenceException: 
### Error querying database.  Cause: java.lang.IllegalArgumentException: selectByExample is ambiguous in Mapped Statements collection (try using the full name including the namespace, or rename one of the entries)
### Cause: java.lang.IllegalArgumentException: selectByExample is ambiguous in Mapped Statements collection (try using the full name including the namespace, or rename one of the entries)
	at org.apache.ibatis.exceptions.ExceptionFactory.wrapException(ExceptionFactory.java:23) ~[mybatis-3.2.3.jar:3.2.3]
	at org.apache.ibatis.session.defaults.DefaultSqlSession.selectList(DefaultSqlSession.java:107) ~[mybatis-3.2.3.jar:3.2.3]
	at sun.reflect.NativeMethodAccessorImpl.invoke0(Native Method) ~[na:1.7.0_67]
	at sun.reflect.NativeMethodAccessorImpl.invoke(NativeMethodAccessorImpl.java:57) ~[na:1.7.0_67]
	at sun.reflect.DelegatingMethodAccessorImpl.invoke(DelegatingMethodAccessorImpl.java:43) ~[na:1.7.0_67]
	at java.lang.reflect.Method.invoke(Method.java:606) ~[na:1.7.0_67]
	at org.mybatis.spring.SqlSessionTemplate$SqlSessionInterceptor.invoke(SqlSessionTemplate.java:358) ~[mybatis-spring-1.2.1.jar:1.2.1]
	... 61 common frames omitted
Caused by: java.lang.IllegalArgumentException: selectByExample is ambiguous in Mapped Statements collection (try using the full name including the namespace, or rename one of the entries)
	at org.apache.ibatis.session.Configuration$StrictMap.get(Configuration.java:794) ~[mybatis-3.2.3.jar:3.2.3]
	at org.apache.ibatis.session.Configuration.getMappedStatement(Configuration.java:631) ~[mybatis-3.2.3.jar:3.2.3]
	at org.apache.ibatis.session.Configuration.getMappedStatement(Configuration.java:624) ~[mybatis-3.2.3.jar:3.2.3]
	at org.apache.ibatis.session.defaults.DefaultSqlSession.selectList(DefaultSqlSession.java:103) ~[mybatis-3.2.3.jar:3.2.3]
	... 66 common frames omitted
