2014-10-30 21:59:46.651 [btpool0-1] INFO  org.apache.shiro.session.mgt.AbstractValidatingSessionManager -
				Enabling session validation scheduler...
2014-10-30 21:59:46.691 [DefaultQuartzScheduler_Worker-1] INFO  org.apache.shiro.session.mgt.AbstractValidatingSessionManager -
				Validating all active sessions...
2014-10-30 21:59:46.692 [DefaultQuartzScheduler_Worker-1] INFO  org.apache.shiro.cache.ehcache.EhCacheManager -
				Cache with name 'shiro-activeSessionCache' does not yet exist.  Creating now.
2014-10-30 21:59:46.694 [btpool0-1] INFO  org.apache.shiro.cache.ehcache.EhCacheManager -
				Cache with name 'shiro-activeSessionCache' does not yet exist.  Creating now.
2014-10-30 21:59:46.695 [DefaultQuartzScheduler_Worker-1] INFO  org.apache.shiro.cache.ehcache.EhCacheManager -
				Added EhCache named [shiro-activeSessionCache]
2014-10-30 21:59:46.697 [DefaultQuartzScheduler_Worker-1] INFO  org.apache.shiro.session.mgt.AbstractValidatingSessionManager -
				Finished session validation.  No sessions were stopped.
2014-10-30 22:13:19.739 [btpool0-1] INFO  org.apache.shiro.session.mgt.AbstractValidatingSessionManager -
				Enabling session validation scheduler...
2014-10-30 22:13:19.777 [DefaultQuartzScheduler_Worker-1] INFO  org.apache.shiro.session.mgt.AbstractValidatingSessionManager -
				Validating all active sessions...
2014-10-30 22:13:19.777 [DefaultQuartzScheduler_Worker-1] INFO  org.apache.shiro.cache.ehcache.EhCacheManager -
				Cache with name 'shiro-activeSessionCache' does not yet exist.  Creating now.
2014-10-30 22:13:19.780 [DefaultQuartzScheduler_Worker-1] INFO  org.apache.shiro.cache.ehcache.EhCacheManager -
				Added EhCache named [shiro-activeSessionCache]
2014-10-30 22:13:19.783 [DefaultQuartzScheduler_Worker-1] INFO  org.apache.shiro.session.mgt.AbstractValidatingSessionManager -
				Finished session validation.  No sessions were stopped.
2014-10-30 22:21:51.574 [btpool0-1] INFO  org.apache.shiro.session.mgt.AbstractValidatingSessionManager -
				Enabling session validation scheduler...
2014-10-30 22:21:51.610 [btpool0-1] INFO  org.apache.shiro.cache.ehcache.EhCacheManager -
				Cache with name 'shiro-activeSessionCache' does not yet exist.  Creating now.
2014-10-30 22:21:51.613 [btpool0-1] INFO  org.apache.shiro.cache.ehcache.EhCacheManager -
				Added EhCache named [shiro-activeSessionCache]
2014-10-30 22:21:51.634 [DefaultQuartzScheduler_Worker-1] INFO  org.apache.shiro.session.mgt.AbstractValidatingSessionManager -
				Validating all active sessions...
2014-10-30 22:21:51.639 [DefaultQuartzScheduler_Worker-1] INFO  org.apache.shiro.session.mgt.AbstractValidatingSessionManager -
				Finished session validation.  No sessions were stopped.
2014-10-30 22:31:34.715 [btpool0-1] INFO  org.apache.shiro.session.mgt.AbstractValidatingSessionManager -
				Enabling session validation scheduler...
2014-10-30 22:31:34.757 [btpool0-1] INFO  org.apache.shiro.cache.ehcache.EhCacheManager -
				Cache with name 'shiro-activeSessionCache' does not yet exist.  Creating now.
2014-10-30 22:31:34.760 [btpool0-1] INFO  org.apache.shiro.cache.ehcache.EhCacheManager -
				Added EhCache named [shiro-activeSessionCache]
2014-10-30 22:31:34.762 [DefaultQuartzScheduler_Worker-1] INFO  org.apache.shiro.session.mgt.AbstractValidatingSessionManager -
				Validating all active sessions...
2014-10-30 22:31:34.767 [DefaultQuartzScheduler_Worker-1] INFO  org.apache.shiro.session.mgt.AbstractValidatingSessionManager -
				Finished session validation.  No sessions were stopped.
2014-10-30 22:32:02.689 [btpool0-1] INFO  org.apache.shiro.session.mgt.AbstractValidatingSessionManager -
				Enabling session validation scheduler...
2014-10-30 22:32:02.751 [btpool0-1] INFO  org.apache.shiro.cache.ehcache.EhCacheManager -
				Cache with name 'shiro-activeSessionCache' does not yet exist.  Creating now.
2014-10-30 22:32:02.755 [btpool0-1] INFO  org.apache.shiro.cache.ehcache.EhCacheManager -
				Added EhCache named [shiro-activeSessionCache]
2014-10-30 22:32:02.758 [DefaultQuartzScheduler_Worker-1] INFO  org.apache.shiro.session.mgt.AbstractValidatingSessionManager -
				Validating all active sessions...
2014-10-30 22:32:02.762 [DefaultQuartzScheduler_Worker-1] INFO  org.apache.shiro.session.mgt.AbstractValidatingSessionManager -
				Finished session validation.  No sessions were stopped.
2014-10-30 22:33:00.240 [btpool0-1] INFO  org.apache.shiro.session.mgt.AbstractValidatingSessionManager -
				Enabling session validation scheduler...
2014-10-30 22:33:00.274 [btpool0-1] INFO  org.apache.shiro.cache.ehcache.EhCacheManager -
				Cache with name 'shiro-activeSessionCache' does not yet exist.  Creating now.
2014-10-30 22:33:00.277 [btpool0-1] INFO  org.apache.shiro.cache.ehcache.EhCacheManager -
				Added EhCache named [shiro-activeSessionCache]
2014-10-30 22:33:00.278 [DefaultQuartzScheduler_Worker-1] INFO  org.apache.shiro.session.mgt.AbstractValidatingSessionManager -
				Validating all active sessions...
2014-10-30 22:33:00.282 [DefaultQuartzScheduler_Worker-1] INFO  org.apache.shiro.session.mgt.AbstractValidatingSessionManager -
				Finished session validation.  No sessions were stopped.
2014-10-30 22:37:48.795 [btpool0-1] INFO  org.apache.shiro.session.mgt.AbstractValidatingSessionManager -
				Enabling session validation scheduler...
2014-10-30 22:37:48.847 [btpool0-1] INFO  org.apache.shiro.cache.ehcache.EhCacheManager -
				Cache with name 'shiro-activeSessionCache' does not yet exist.  Creating now.
2014-10-30 22:37:48.851 [DefaultQuartzScheduler_Worker-1] INFO  org.apache.shiro.session.mgt.AbstractValidatingSessionManager -
				Validating all active sessions...
2014-10-30 22:37:48.851 [btpool0-1] INFO  org.apache.shiro.cache.ehcache.EhCacheManager -
				Added EhCache named [shiro-activeSessionCache]
2014-10-30 22:37:48.852 [DefaultQuartzScheduler_Worker-1] INFO  org.apache.shiro.cache.ehcache.EhCacheManager -
				Using existing EHCache named [shiro-activeSessionCache]
2014-10-30 22:37:48.856 [DefaultQuartzScheduler_Worker-1] INFO  org.apache.shiro.session.mgt.AbstractValidatingSessionManager -
				Finished session validation.  No sessions were stopped.
2014-10-30 23:07:48.797 [DefaultQuartzScheduler_Worker-2] INFO  org.apache.shiro.session.mgt.AbstractValidatingSessionManager -
				Validating all active sessions...
2014-10-30 23:07:48.798 [DefaultQuartzScheduler_Worker-2] INFO  org.apache.shiro.session.mgt.AbstractValidatingSessionManager -
				Finished session validation.  No sessions were stopped.
2014-10-30 23:37:43.915 [btpool0-1] INFO  org.apache.shiro.session.mgt.AbstractValidatingSessionManager -
				Enabling session validation scheduler...
2014-10-30 23:37:43.952 [btpool0-1] INFO  org.apache.shiro.cache.ehcache.EhCacheManager -
				Cache with name 'shiro-activeSessionCache' does not yet exist.  Creating now.
2014-10-30 23:37:43.955 [btpool0-1] INFO  org.apache.shiro.cache.ehcache.EhCacheManager -
				Added EhCache named [shiro-activeSessionCache]
2014-10-30 23:37:43.956 [DefaultQuartzScheduler_Worker-1] INFO  org.apache.shiro.session.mgt.AbstractValidatingSessionManager -
				Validating all active sessions...
2014-10-30 23:37:43.961 [DefaultQuartzScheduler_Worker-1] INFO  org.apache.shiro.session.mgt.AbstractValidatingSessionManager -
				Finished session validation.  No sessions were stopped.
2014-10-30 23:44:27.403 [btpool0-1] INFO  org.apache.shiro.session.mgt.AbstractValidatingSessionManager -
				Enabling session validation scheduler...
2014-10-30 23:44:27.446 [btpool0-1] INFO  org.apache.shiro.cache.ehcache.EhCacheManager -
				Cache with name 'shiro-activeSessionCache' does not yet exist.  Creating now.
2014-10-30 23:44:27.449 [btpool0-1] INFO  org.apache.shiro.cache.ehcache.EhCacheManager -
				Added EhCache named [shiro-activeSessionCache]
2014-10-30 23:44:27.451 [DefaultQuartzScheduler_Worker-1] INFO  org.apache.shiro.session.mgt.AbstractValidatingSessionManager -
				Validating all active sessions...
2014-10-30 23:44:27.456 [DefaultQuartzScheduler_Worker-1] INFO  org.apache.shiro.session.mgt.AbstractValidatingSessionManager -
				Finished session validation.  No sessions were stopped.
2014-10-30 23:45:24.032 [btpool0-1] INFO  org.apache.shiro.session.mgt.AbstractValidatingSessionManager -
				Enabling session validation scheduler...
2014-10-30 23:45:24.066 [btpool0-1] INFO  org.apache.shiro.cache.ehcache.EhCacheManager -
				Cache with name 'shiro-activeSessionCache' does not yet exist.  Creating now.
2014-10-30 23:45:24.069 [btpool0-1] INFO  org.apache.shiro.cache.ehcache.EhCacheManager -
				Added EhCache named [shiro-activeSessionCache]
2014-10-30 23:45:24.070 [DefaultQuartzScheduler_Worker-1] INFO  org.apache.shiro.session.mgt.AbstractValidatingSessionManager -
				Validating all active sessions...
2014-10-30 23:45:24.076 [DefaultQuartzScheduler_Worker-1] INFO  org.apache.shiro.session.mgt.AbstractValidatingSessionManager -
				Finished session validation.  No sessions were stopped.
