2015-07-10 19:43:06.580 [btpool0-1] WARN  org.lemonPig.os.assist.shiro.CustomFormAuthenticationFilter -
				登录产生未知异常
org.apache.shiro.authc.AuthenticationException: Authentication failed for token submission [org.apache.shiro.authc.UsernamePasswordToken - admin, rememberMe=false (0:0:0:0:0:0:0:1)].  Possible unexpected error? (Typical or expected login exceptions should extend from AuthenticationException).
	at org.apache.shiro.authc.AbstractAuthenticator.authenticate(AbstractAuthenticator.java:214) ~[shiro-core-1.2.3.jar:1.2.3]
	at org.apache.shiro.mgt.AuthenticatingSecurityManager.authenticate(AuthenticatingSecurityManager.java:106) ~[shiro-core-1.2.3.jar:1.2.3]
	at org.apache.shiro.mgt.DefaultSecurityManager.login(DefaultSecurityManager.java:270) ~[shiro-core-1.2.3.jar:1.2.3]
	at org.apache.shiro.subject.support.DelegatingSubject.login(DelegatingSubject.java:256) [shiro-core-1.2.3.jar:1.2.3]
	at org.apache.shiro.web.filter.authc.AuthenticatingFilter.executeLogin(AuthenticatingFilter.java:53) ~[shiro-web-1.2.3.jar:1.2.3]
	at org.lemonPig.os.assist.shiro.CustomFormAuthenticationFilter.onAccessDenied(CustomFormAuthenticationFilter.java:60) [os-assist-shiro-0.0.1-SNAPSHOT.jar:${build.branch}/${build.commit.id}]
	at org.apache.shiro.web.filter.AccessControlFilter.onAccessDenied(AccessControlFilter.java:133) [shiro-web-1.2.3.jar:1.2.3]
	at org.apache.shiro.web.filter.AccessControlFilter.onPreHandle(AccessControlFilter.java:162) [shiro-web-1.2.3.jar:1.2.3]
	at org.apache.shiro.web.filter.PathMatchingFilter.isFilterChainContinued(PathMatchingFilter.java:203) [shiro-web-1.2.3.jar:1.2.3]
	at org.apache.shiro.web.filter.PathMatchingFilter.preHandle(PathMatchingFilter.java:178) [shiro-web-1.2.3.jar:1.2.3]
	at org.apache.shiro.web.servlet.AdviceFilter.doFilterInternal(AdviceFilter.java:131) [shiro-web-1.2.3.jar:1.2.3]
	at org.apache.shiro.web.servlet.OncePerRequestFilter.doFilter(OncePerRequestFilter.java:125) [shiro-web-1.2.3.jar:1.2.3]
	at org.apache.shiro.web.servlet.ProxiedFilterChain.doFilter(ProxiedFilterChain.java:66) [shiro-web-1.2.3.jar:1.2.3]
	at org.apache.shiro.web.servlet.AdviceFilter.executeChain(AdviceFilter.java:108) [shiro-web-1.2.3.jar:1.2.3]
	at org.apache.shiro.web.servlet.AdviceFilter.doFilterInternal(AdviceFilter.java:137) [shiro-web-1.2.3.jar:1.2.3]
	at org.apache.shiro.web.servlet.OncePerRequestFilter.doFilter(OncePerRequestFilter.java:125) [shiro-web-1.2.3.jar:1.2.3]
	at org.apache.shiro.web.servlet.ProxiedFilterChain.doFilter(ProxiedFilterChain.java:66) [shiro-web-1.2.3.jar:1.2.3]
	at org.apache.shiro.web.servlet.AbstractShiroFilter.executeChain(AbstractShiroFilter.java:449) [shiro-web-1.2.3.jar:1.2.3]
	at org.apache.shiro.web.servlet.AbstractShiroFilter$1.call(AbstractShiroFilter.java:365) [shiro-web-1.2.3.jar:1.2.3]
	at org.apache.shiro.subject.support.SubjectCallable.doCall(SubjectCallable.java:90) [shiro-core-1.2.3.jar:1.2.3]
	at org.apache.shiro.subject.support.SubjectCallable.call(SubjectCallable.java:83) [shiro-core-1.2.3.jar:1.2.3]
	at org.apache.shiro.subject.support.DelegatingSubject.execute(DelegatingSubject.java:383) [shiro-core-1.2.3.jar:1.2.3]
	at org.apache.shiro.web.servlet.AbstractShiroFilter.doFilterInternal(AbstractShiroFilter.java:362) [shiro-web-1.2.3.jar:1.2.3]
	at org.apache.shiro.web.servlet.OncePerRequestFilter.doFilter(OncePerRequestFilter.java:125) [shiro-web-1.2.3.jar:1.2.3]
	at org.springframework.web.filter.DelegatingFilterProxy.invokeDelegate(DelegatingFilterProxy.java:343) [spring-web-3.2.8.RELEASE.jar:3.2.8.RELEASE]
	at org.springframework.web.filter.DelegatingFilterProxy.doFilter(DelegatingFilterProxy.java:260) [spring-web-3.2.8.RELEASE.jar:3.2.8.RELEASE]
	at org.mortbay.jetty.servlet.ServletHandler$CachedChain.doFilter(ServletHandler.java:1084) [jetty-6.1.8.jar:6.1.8]
	at com.opensymphony.sitemesh.webapp.SiteMeshFilter.obtainContent(SiteMeshFilter.java:129) [sitemesh-2.4.2.jar:na]
	at com.opensymphony.sitemesh.webapp.SiteMeshFilter.doFilter(SiteMeshFilter.java:77) [sitemesh-2.4.2.jar:na]
	at org.mortbay.jetty.servlet.ServletHandler$CachedChain.doFilter(ServletHandler.java:1084) [jetty-6.1.8.jar:6.1.8]
	at org.springframework.web.filter.CharacterEncodingFilter.doFilterInternal(CharacterEncodingFilter.java:88) [spring-web-3.2.8.RELEASE.jar:3.2.8.RELEASE]
	at org.springframework.web.filter.OncePerRequestFilter.doFilter(OncePerRequestFilter.java:107) [spring-web-3.2.8.RELEASE.jar:3.2.8.RELEASE]
	at org.mortbay.jetty.servlet.ServletHandler$CachedChain.doFilter(ServletHandler.java:1084) [jetty-6.1.8.jar:6.1.8]
	at org.mortbay.jetty.servlet.ServletHandler.handle(ServletHandler.java:360) [jetty-6.1.8.jar:6.1.8]
	at org.mortbay.jetty.security.SecurityHandler.handle(SecurityHandler.java:216) [jetty-6.1.8.jar:6.1.8]
	at org.mortbay.jetty.servlet.SessionHandler.handle(SessionHandler.java:181) [jetty-6.1.8.jar:6.1.8]
	at org.mortbay.jetty.handler.ContextHandler.handle(ContextHandler.java:726) [jetty-6.1.8.jar:6.1.8]
	at org.mortbay.jetty.webapp.WebAppContext.handle(WebAppContext.java:405) [jetty-6.1.8.jar:6.1.8]
	at org.mortbay.jetty.handler.ContextHandlerCollection.handle(ContextHandlerCollection.java:206) [jetty-6.1.8.jar:6.1.8]
	at org.mortbay.jetty.handler.HandlerCollection.handle(HandlerCollection.java:114) [jetty-6.1.8.jar:6.1.8]
	at org.mortbay.jetty.handler.HandlerWrapper.handle(HandlerWrapper.java:152) [jetty-6.1.8.jar:6.1.8]
	at org.mortbay.jetty.Server.handle(Server.java:324) [jetty-6.1.8.jar:6.1.8]
	at org.mortbay.jetty.HttpConnection.handleRequest(HttpConnection.java:505) [jetty-6.1.8.jar:6.1.8]
	at org.mortbay.jetty.HttpConnection$RequestHandler.content(HttpConnection.java:842) [jetty-6.1.8.jar:6.1.8]
	at org.mortbay.jetty.HttpParser.parseNext(HttpParser.java:648) [jetty-6.1.8.jar:6.1.8]
	at org.mortbay.jetty.HttpParser.parseAvailable(HttpParser.java:211) [jetty-6.1.8.jar:6.1.8]
	at org.mortbay.jetty.HttpConnection.handle(HttpConnection.java:380) [jetty-6.1.8.jar:6.1.8]
	at org.mortbay.io.nio.SelectChannelEndPoint.run(SelectChannelEndPoint.java:395) [jetty-6.1.8.jar:6.1.8]
	at org.mortbay.thread.BoundedThreadPool$PoolThread.run(BoundedThreadPool.java:450) [jetty-util-6.1.8.jar:6.1.8]
Caused by: org.mybatis.spring.MyBatisSystemException: nested exception is org.apache.ibatis.exceptions.PersistenceException: 
### Error querying database.  Cause: java.lang.reflect.UndeclaredThrowableException
### The error may exist in URL [jar:file:/E:/Programs/maven-3.2.3/repository/org/lemonPig/os-core/0.0.1-SNAPSHOT/os-core-0.0.1-SNAPSHOT.jar!/org/lemonPig/os/core/mybatis/mappings/ShiroUserMapper.xml]
### The error may involve org.lemonPig.os.core.mapper.ShiroUserMapper.selectLoginUserByUsername-Inline
### The error occurred while setting parameters
### SQL: SELECT    ur.*,    up.ID AS USER_PERMISSION_ID,    up.ENAME AS    USER_PERMISSION_ENAME,    up.CNAME AS USER_PERMISSION_CNAME,    up.GRANTABLE    AS USER_PERMISSION_GRANTABLE,    rp.ID AS ROLE_PERMISSION_ID,    rp.ENAME AS    ROLE_PERMISSION_ENAME,    rp.CNAME AS ROLE_PERMISSION_CNAME,    rp.GRANTABLE    AS ROLE_PERMISSION_GRANTABLE   FROM   (    SELECT     u.ID AS USER_ID,     u.USERNAME AS     USER_USERNAME,     u.`PASSWORD` AS USER_PASSWORD,     u.SALT AS USER_SALT,     u.`STATUS` AS USER_STATUS,     u.TEL AS USER_TEL,     r.ID AS ROLE_ID,     r.ENAME AS     ROLE_ENAME,     r.CNAME AS ROLE_CNAME,     r.GRANTABLE AS ROLE_GRANTABLE    FROM     USER_ROLE ur    RIGHT JOIN USER u ON ur.USER_ID = u.ID    LEFT JOIN ROLE r ON ur.ROLE_ID = r.ID   WHERE u.USERNAME=?   )ur   LEFT JOIN(    SELECT     up.USER_ID,     p.*    FROM     USER_PERMISSION up     LEFT JOIN PERMISSION p ON up.PERMISSION_ID = p.ID    )up ON ur.USER_ID = up.USER_ID   LEFT JOIN(    SELECT     rp.ROLE_ID,     p.*    FROM     ROLE_PERMISSION rp    LEFT JOIN PERMISSION p ON rp.PERMISSION_ID = p.ID   )rp ON rp.ROLE_ID = ur.ROLE_ID
### Cause: java.lang.reflect.UndeclaredThrowableException
	at org.mybatis.spring.MyBatisExceptionTranslator.translateExceptionIfPossible(MyBatisExceptionTranslator.java:75) ~[mybatis-spring-1.2.1.jar:1.2.1]
	at org.mybatis.spring.SqlSessionTemplate$SqlSessionInterceptor.invoke(SqlSessionTemplate.java:368) ~[mybatis-spring-1.2.1.jar:1.2.1]
	at com.sun.proxy.$Proxy27.selectOne(Unknown Source) ~[na:na]
	at org.mybatis.spring.SqlSessionTemplate.selectOne(SqlSessionTemplate.java:163) ~[mybatis-spring-1.2.1.jar:1.2.1]
	at org.apache.ibatis.binding.MapperMethod.execute(MapperMethod.java:63) ~[mybatis-3.2.3.jar:3.2.3]
	at org.apache.ibatis.binding.MapperProxy.invoke(MapperProxy.java:43) ~[mybatis-3.2.3.jar:3.2.3]
	at com.sun.proxy.$Proxy52.selectLoginUserByUsername(Unknown Source) ~[na:na]
	at org.lemonPig.os.core.daoImpl.UserDaoImpl.selectLoginUserByUsername(UserDaoImpl.java:16) ~[os-core-0.0.1-SNAPSHOT.jar:${build.branch}/${build.commit.id}]
	at org.lemonPig.os.core.serviceImpl.UserServiceImpl.findLoginUserByUserName(UserServiceImpl.java:35) ~[os-core-0.0.1-SNAPSHOT.jar:${build.branch}/${build.commit.id}]
	at org.lemonPig.os.assist.shiro.UserRealm.doGetAuthenticationInfo(UserRealm.java:35) ~[os-assist-shiro-0.0.1-SNAPSHOT.jar:${build.branch}/${build.commit.id}]
	at org.apache.shiro.realm.AuthenticatingRealm.getAuthenticationInfo(AuthenticatingRealm.java:568) ~[shiro-core-1.2.3.jar:1.2.3]
	at org.apache.shiro.authc.pam.ModularRealmAuthenticator.doSingleRealmAuthentication(ModularRealmAuthenticator.java:180) ~[shiro-core-1.2.3.jar:1.2.3]
	at org.apache.shiro.authc.pam.ModularRealmAuthenticator.doAuthenticate(ModularRealmAuthenticator.java:267) ~[shiro-core-1.2.3.jar:1.2.3]
	at org.apache.shiro.authc.AbstractAuthenticator.authenticate(AbstractAuthenticator.java:198) ~[shiro-core-1.2.3.jar:1.2.3]
	... 48 common frames omitted
Caused by: org.apache.ibatis.exceptions.PersistenceException: 
### Error querying database.  Cause: java.lang.reflect.UndeclaredThrowableException
### The error may exist in URL [jar:file:/E:/Programs/maven-3.2.3/repository/org/lemonPig/os-core/0.0.1-SNAPSHOT/os-core-0.0.1-SNAPSHOT.jar!/org/lemonPig/os/core/mybatis/mappings/ShiroUserMapper.xml]
### The error may involve org.lemonPig.os.core.mapper.ShiroUserMapper.selectLoginUserByUsername-Inline
### The error occurred while setting parameters
### SQL: SELECT    ur.*,    up.ID AS USER_PERMISSION_ID,    up.ENAME AS    USER_PERMISSION_ENAME,    up.CNAME AS USER_PERMISSION_CNAME,    up.GRANTABLE    AS USER_PERMISSION_GRANTABLE,    rp.ID AS ROLE_PERMISSION_ID,    rp.ENAME AS    ROLE_PERMISSION_ENAME,    rp.CNAME AS ROLE_PERMISSION_CNAME,    rp.GRANTABLE    AS ROLE_PERMISSION_GRANTABLE   FROM   (    SELECT     u.ID AS USER_ID,     u.USERNAME AS     USER_USERNAME,     u.`PASSWORD` AS USER_PASSWORD,     u.SALT AS USER_SALT,     u.`STATUS` AS USER_STATUS,     u.TEL AS USER_TEL,     r.ID AS ROLE_ID,     r.ENAME AS     ROLE_ENAME,     r.CNAME AS ROLE_CNAME,     r.GRANTABLE AS ROLE_GRANTABLE    FROM     USER_ROLE ur    RIGHT JOIN USER u ON ur.USER_ID = u.ID    LEFT JOIN ROLE r ON ur.ROLE_ID = r.ID   WHERE u.USERNAME=?   )ur   LEFT JOIN(    SELECT     up.USER_ID,     p.*    FROM     USER_PERMISSION up     LEFT JOIN PERMISSION p ON up.PERMISSION_ID = p.ID    )up ON ur.USER_ID = up.USER_ID   LEFT JOIN(    SELECT     rp.ROLE_ID,     p.*    FROM     ROLE_PERMISSION rp    LEFT JOIN PERMISSION p ON rp.PERMISSION_ID = p.ID   )rp ON rp.ROLE_ID = ur.ROLE_ID
### Cause: java.lang.reflect.UndeclaredThrowableException
	at org.apache.ibatis.exceptions.ExceptionFactory.wrapException(ExceptionFactory.java:23) ~[mybatis-3.2.3.jar:3.2.3]
	at org.apache.ibatis.session.defaults.DefaultSqlSession.selectList(DefaultSqlSession.java:107) ~[mybatis-3.2.3.jar:3.2.3]
	at org.apache.ibatis.session.defaults.DefaultSqlSession.selectList(DefaultSqlSession.java:98) ~[mybatis-3.2.3.jar:3.2.3]
	at org.apache.ibatis.session.defaults.DefaultSqlSession.selectOne(DefaultSqlSession.java:62) ~[mybatis-3.2.3.jar:3.2.3]
	at sun.reflect.NativeMethodAccessorImpl.invoke0(Native Method) ~[na:1.7.0_67]
	at sun.reflect.NativeMethodAccessorImpl.invoke(NativeMethodAccessorImpl.java:57) ~[na:1.7.0_67]
	at sun.reflect.DelegatingMethodAccessorImpl.invoke(DelegatingMethodAccessorImpl.java:43) ~[na:1.7.0_67]
	at java.lang.reflect.Method.invoke(Method.java:606) ~[na:1.7.0_67]
	at org.mybatis.spring.SqlSessionTemplate$SqlSessionInterceptor.invoke(SqlSessionTemplate.java:358) ~[mybatis-spring-1.2.1.jar:1.2.1]
	... 60 common frames omitted
Caused by: java.lang.reflect.UndeclaredThrowableException: null
	at com.sun.proxy.$Proxy48.query(Unknown Source) ~[na:na]
	at org.apache.ibatis.session.defaults.DefaultSqlSession.selectList(DefaultSqlSession.java:104) ~[mybatis-3.2.3.jar:3.2.3]
	... 67 common frames omitted
Caused by: java.util.concurrent.ExecutionException: java.lang.reflect.InvocationTargetException
	at java.util.concurrent.FutureTask.report(FutureTask.java:122) ~[na:1.7.0_67]
	at java.util.concurrent.FutureTask.get(FutureTask.java:188) ~[na:1.7.0_67]
	at org.lemonPig.os.assist.mybaties.OffsetLimitInterceptor.intercept(OffsetLimitInterceptor.java:120) ~[os-assist-mybatis-0.0.1-SNAPSHOT.jar:${build.branch}/${build.commit.id}]
	at org.apache.ibatis.plugin.Plugin.invoke(Plugin.java:57) ~[mybatis-3.2.3.jar:3.2.3]
	... 69 common frames omitted
Caused by: java.lang.reflect.InvocationTargetException: null
	at sun.reflect.NativeMethodAccessorImpl.invoke0(Native Method) ~[na:1.7.0_67]
	at sun.reflect.NativeMethodAccessorImpl.invoke(NativeMethodAccessorImpl.java:57) ~[na:1.7.0_67]
	at sun.reflect.DelegatingMethodAccessorImpl.invoke(DelegatingMethodAccessorImpl.java:43) ~[na:1.7.0_67]
	at java.lang.reflect.Method.invoke(Method.java:606) ~[na:1.7.0_67]
	at org.apache.ibatis.plugin.Invocation.proceed(Invocation.java:46) ~[mybatis-3.2.3.jar:3.2.3]
	at org.lemonPig.os.assist.mybaties.OffsetLimitInterceptor$2.call(OffsetLimitInterceptor.java:111) ~[os-assist-mybatis-0.0.1-SNAPSHOT.jar:${build.branch}/${build.commit.id}]
	at org.lemonPig.os.assist.mybaties.OffsetLimitInterceptor$2.call(OffsetLimitInterceptor.java:1) ~[os-assist-mybatis-0.0.1-SNAPSHOT.jar:${build.branch}/${build.commit.id}]
	at java.util.concurrent.FutureTask.run(FutureTask.java:262) ~[na:1.7.0_67]
	at org.lemonPig.os.assist.mybaties.OffsetLimitInterceptor.call(OffsetLimitInterceptor.java:128) ~[os-assist-mybatis-0.0.1-SNAPSHOT.jar:${build.branch}/${build.commit.id}]
	at org.lemonPig.os.assist.mybaties.OffsetLimitInterceptor.intercept(OffsetLimitInterceptor.java:109) ~[os-assist-mybatis-0.0.1-SNAPSHOT.jar:${build.branch}/${build.commit.id}]
	... 70 common frames omitted
Caused by: com.mysql.jdbc.exceptions.jdbc4.MySQLSyntaxErrorException: Unknown column 'r.GRANTABLE' in 'field list'
	at sun.reflect.NativeConstructorAccessorImpl.newInstance0(Native Method) ~[na:1.7.0_67]
	at sun.reflect.NativeConstructorAccessorImpl.newInstance(NativeConstructorAccessorImpl.java:57) ~[na:1.7.0_67]
	at sun.reflect.DelegatingConstructorAccessorImpl.newInstance(DelegatingConstructorAccessorImpl.java:45) ~[na:1.7.0_67]
	at java.lang.reflect.Constructor.newInstance(Constructor.java:526) ~[na:1.7.0_67]
	at com.mysql.jdbc.Util.handleNewInstance(Util.java:377) ~[mysql-connector-java-5.1.33.jar:5.1.33]
	at com.mysql.jdbc.Util.getInstance(Util.java:360) ~[mysql-connector-java-5.1.33.jar:5.1.33]
	at com.mysql.jdbc.SQLError.createSQLException(SQLError.java:978) ~[mysql-connector-java-5.1.33.jar:5.1.33]
	at com.mysql.jdbc.MysqlIO.checkErrorPacket(MysqlIO.java:3887) ~[mysql-connector-java-5.1.33.jar:5.1.33]
	at com.mysql.jdbc.MysqlIO.checkErrorPacket(MysqlIO.java:3823) ~[mysql-connector-java-5.1.33.jar:5.1.33]
	at com.mysql.jdbc.MysqlIO.sendCommand(MysqlIO.java:2435) ~[mysql-connector-java-5.1.33.jar:5.1.33]
	at com.mysql.jdbc.MysqlIO.sqlQueryDirect(MysqlIO.java:2582) ~[mysql-connector-java-5.1.33.jar:5.1.33]
	at com.mysql.jdbc.ConnectionImpl.execSQL(ConnectionImpl.java:2530) ~[mysql-connector-java-5.1.33.jar:5.1.33]
	at com.mysql.jdbc.PreparedStatement.executeInternal(PreparedStatement.java:1907) ~[mysql-connector-java-5.1.33.jar:5.1.33]
	at com.mysql.jdbc.PreparedStatement.execute(PreparedStatement.java:1199) ~[mysql-connector-java-5.1.33.jar:5.1.33]
	at sun.reflect.NativeMethodAccessorImpl.invoke0(Native Method) ~[na:1.7.0_67]
	at sun.reflect.NativeMethodAccessorImpl.invoke(NativeMethodAccessorImpl.java:57) ~[na:1.7.0_67]
	at sun.reflect.DelegatingMethodAccessorImpl.invoke(DelegatingMethodAccessorImpl.java:43) ~[na:1.7.0_67]
	at java.lang.reflect.Method.invoke(Method.java:606) ~[na:1.7.0_67]
	at org.logicalcobwebs.proxool.ProxyStatement.invoke(ProxyStatement.java:100) ~[proxool-0.9.1.jar:na]
	at org.logicalcobwebs.proxool.ProxyStatement.intercept(ProxyStatement.java:57) ~[proxool-0.9.1.jar:na]
	at $java.sql.Wrapper$$EnhancerByProxool$$cfe57273.execute(<generated>) ~[proxool-cglib-0.9.1.jar:na]
	at sun.reflect.NativeMethodAccessorImpl.invoke0(Native Method) ~[na:1.7.0_67]
	at sun.reflect.NativeMethodAccessorImpl.invoke(NativeMethodAccessorImpl.java:57) ~[na:1.7.0_67]
	at sun.reflect.DelegatingMethodAccessorImpl.invoke(DelegatingMethodAccessorImpl.java:43) ~[na:1.7.0_67]
	at java.lang.reflect.Method.invoke(Method.java:606) ~[na:1.7.0_67]
	at org.apache.ibatis.logging.jdbc.PreparedStatementLogger.invoke(PreparedStatementLogger.java:55) ~[mybatis-3.2.3.jar:3.2.3]
	at com.sun.proxy.$Proxy50.execute(Unknown Source) ~[na:na]
	at org.apache.ibatis.executor.statement.PreparedStatementHandler.query(PreparedStatementHandler.java:56) ~[mybatis-3.2.3.jar:3.2.3]
	at org.apache.ibatis.executor.statement.RoutingStatementHandler.query(RoutingStatementHandler.java:70) ~[mybatis-3.2.3.jar:3.2.3]
	at org.apache.ibatis.executor.SimpleExecutor.doQuery(SimpleExecutor.java:57) ~[mybatis-3.2.3.jar:3.2.3]
	at org.apache.ibatis.executor.BaseExecutor.queryFromDatabase(BaseExecutor.java:259) ~[mybatis-3.2.3.jar:3.2.3]
	at org.apache.ibatis.executor.BaseExecutor.query(BaseExecutor.java:132) ~[mybatis-3.2.3.jar:3.2.3]
	at org.apache.ibatis.executor.BaseExecutor.query(BaseExecutor.java:115) ~[mybatis-3.2.3.jar:3.2.3]
	... 80 common frames omitted
