2015-05-28 00:05:33.265 [main] DEBUG org.apache.shiro.spring.web.ShiroFilterFactoryBean -
				Creating Shiro Filter instance.
2015-05-28 00:05:33.277 [main] DEBUG org.apache.shiro.web.filter.mgt.DefaultFilterChainManager -
				Creating chain [/jsp/permission/login.jsp] from String definition [anon]
2015-05-28 00:05:33.277 [main] DEBUG org.apache.shiro.web.filter.mgt.DefaultFilterChainManager -
				Attempting to apply path [/jsp/permission/login.jsp] to filter [anon] with config [null]
2015-05-28 00:05:33.278 [main] DEBUG org.apache.shiro.web.filter.mgt.DefaultFilterChainManager -
				Creating chain [/user/queryPageList] from String definition [anon]
2015-05-28 00:05:33.278 [main] DEBUG org.apache.shiro.web.filter.mgt.DefaultFilterChainManager -
				Attempting to apply path [/user/queryPageList] to filter [anon] with config [null]
2015-05-28 00:05:33.278 [main] DEBUG org.apache.shiro.web.filter.mgt.DefaultFilterChainManager -
				Creating chain [/jsp/permission/user/user.jsp] from String definition [anon]
2015-05-28 00:05:33.278 [main] DEBUG org.apache.shiro.web.filter.mgt.DefaultFilterChainManager -
				Attempting to apply path [/jsp/permission/user/user.jsp] to filter [anon] with config [null]
2015-05-28 00:05:33.278 [main] DEBUG org.apache.shiro.web.filter.mgt.DefaultFilterChainManager -
				Creating chain [/ajax/**] from String definition [anon]
2015-05-28 00:05:33.278 [main] DEBUG org.apache.shiro.web.filter.mgt.DefaultFilterChainManager -
				Attempting to apply path [/ajax/**] to filter [anon] with config [null]
2015-05-28 00:05:33.278 [main] DEBUG org.apache.shiro.web.filter.mgt.DefaultFilterChainManager -
				Creating chain [/css/**] from String definition [anon]
2015-05-28 00:05:33.278 [main] DEBUG org.apache.shiro.web.filter.mgt.DefaultFilterChainManager -
				Attempting to apply path [/css/**] to filter [anon] with config [null]
2015-05-28 00:05:33.278 [main] DEBUG org.apache.shiro.web.filter.mgt.DefaultFilterChainManager -
				Creating chain [/fonts/**] from String definition [anon]
2015-05-28 00:05:33.278 [main] DEBUG org.apache.shiro.web.filter.mgt.DefaultFilterChainManager -
				Attempting to apply path [/fonts/**] to filter [anon] with config [null]
2015-05-28 00:05:33.278 [main] DEBUG org.apache.shiro.web.filter.mgt.DefaultFilterChainManager -
				Creating chain [/img/**] from String definition [anon]
2015-05-28 00:05:33.279 [main] DEBUG org.apache.shiro.web.filter.mgt.DefaultFilterChainManager -
				Attempting to apply path [/img/**] to filter [anon] with config [null]
2015-05-28 00:05:33.279 [main] DEBUG org.apache.shiro.web.filter.mgt.DefaultFilterChainManager -
				Creating chain [/js/**] from String definition [anon]
2015-05-28 00:05:33.279 [main] DEBUG org.apache.shiro.web.filter.mgt.DefaultFilterChainManager -
				Attempting to apply path [/js/**] to filter [anon] with config [null]
2015-05-28 00:05:33.279 [main] DEBUG org.apache.shiro.web.filter.mgt.DefaultFilterChainManager -
				Creating chain [/sound/**] from String definition [anon]
2015-05-28 00:05:33.279 [main] DEBUG org.apache.shiro.web.filter.mgt.DefaultFilterChainManager -
				Attempting to apply path [/sound/**] to filter [anon] with config [null]
2015-05-28 00:05:33.279 [main] DEBUG org.apache.shiro.web.filter.mgt.DefaultFilterChainManager -
				Creating chain [/index.jsp] from String definition [anon]
2015-05-28 00:05:33.279 [main] DEBUG org.apache.shiro.web.filter.mgt.DefaultFilterChainManager -
				Attempting to apply path [/index.jsp] to filter [anon] with config [null]
2015-05-28 00:05:33.279 [main] DEBUG org.apache.shiro.web.filter.mgt.DefaultFilterChainManager -
				Creating chain [/jcaptcha*] from String definition [jcapc]
2015-05-28 00:05:33.279 [main] DEBUG org.apache.shiro.web.filter.mgt.DefaultFilterChainManager -
				Attempting to apply path [/jcaptcha*] to filter [jcapc] with config [null]
2015-05-28 00:05:33.279 [main] DEBUG org.apache.shiro.web.filter.mgt.DefaultFilterChainManager -
				Creating chain [/user/login] from String definition [jcapv,authc]
2015-05-28 00:05:33.279 [main] DEBUG org.apache.shiro.web.filter.mgt.DefaultFilterChainManager -
				Attempting to apply path [/user/login] to filter [jcapv] with config [null]
2015-05-28 00:05:33.279 [main] DEBUG org.apache.shiro.web.filter.mgt.DefaultFilterChainManager -
				Attempting to apply path [/user/login] to filter [authc] with config [null]
2015-05-28 00:05:33.279 [main] DEBUG org.apache.shiro.web.filter.mgt.DefaultFilterChainManager -
				Creating chain [/logout] from String definition [logout]
2015-05-28 00:05:33.279 [main] DEBUG org.apache.shiro.web.filter.mgt.DefaultFilterChainManager -
				Attempting to apply path [/logout] to filter [logout] with config [null]
2015-05-28 00:05:33.279 [main] DEBUG org.apache.shiro.web.filter.mgt.DefaultFilterChainManager -
				Creating chain [/**] from String definition [user]
2015-05-28 00:05:33.279 [main] DEBUG org.apache.shiro.web.filter.mgt.DefaultFilterChainManager -
				Attempting to apply path [/**] to filter [user] with config [null]
2015-05-28 00:05:33.649 [main] DEBUG org.hibernate.validator.engine.resolver.DefaultTraversableResolver -
				Cannot find javax.persistence.PersistenceUtil on classpath. All properties will per default be traversable.
2015-05-28 00:05:33.650 [main] DEBUG org.hibernate.validator.xml.ValidationXmlParser -
				No META-INF/validation.xml found. Using annotation based configuration only
2015-05-28 00:26:42.506 [main] DEBUG org.apache.shiro.spring.web.ShiroFilterFactoryBean -
				Creating Shiro Filter instance.
2015-05-28 00:26:42.518 [main] DEBUG org.apache.shiro.web.filter.mgt.DefaultFilterChainManager -
				Creating chain [/jsp/permission/login.jsp] from String definition [anon]
2015-05-28 00:26:42.518 [main] DEBUG org.apache.shiro.web.filter.mgt.DefaultFilterChainManager -
				Attempting to apply path [/jsp/permission/login.jsp] to filter [anon] with config [null]
2015-05-28 00:26:42.519 [main] DEBUG org.apache.shiro.web.filter.mgt.DefaultFilterChainManager -
				Creating chain [/user/queryPageList] from String definition [anon]
2015-05-28 00:26:42.519 [main] DEBUG org.apache.shiro.web.filter.mgt.DefaultFilterChainManager -
				Attempting to apply path [/user/queryPageList] to filter [anon] with config [null]
2015-05-28 00:26:42.519 [main] DEBUG org.apache.shiro.web.filter.mgt.DefaultFilterChainManager -
				Creating chain [/jsp/permission/user/user.jsp] from String definition [anon]
2015-05-28 00:26:42.519 [main] DEBUG org.apache.shiro.web.filter.mgt.DefaultFilterChainManager -
				Attempting to apply path [/jsp/permission/user/user.jsp] to filter [anon] with config [null]
2015-05-28 00:26:42.520 [main] DEBUG org.apache.shiro.web.filter.mgt.DefaultFilterChainManager -
				Creating chain [/ajax/**] from String definition [anon]
2015-05-28 00:26:42.520 [main] DEBUG org.apache.shiro.web.filter.mgt.DefaultFilterChainManager -
				Attempting to apply path [/ajax/**] to filter [anon] with config [null]
2015-05-28 00:26:42.520 [main] DEBUG org.apache.shiro.web.filter.mgt.DefaultFilterChainManager -
				Creating chain [/css/**] from String definition [anon]
2015-05-28 00:26:42.520 [main] DEBUG org.apache.shiro.web.filter.mgt.DefaultFilterChainManager -
				Attempting to apply path [/css/**] to filter [anon] with config [null]
2015-05-28 00:26:42.520 [main] DEBUG org.apache.shiro.web.filter.mgt.DefaultFilterChainManager -
				Creating chain [/fonts/**] from String definition [anon]
2015-05-28 00:26:42.520 [main] DEBUG org.apache.shiro.web.filter.mgt.DefaultFilterChainManager -
				Attempting to apply path [/fonts/**] to filter [anon] with config [null]
2015-05-28 00:26:42.520 [main] DEBUG org.apache.shiro.web.filter.mgt.DefaultFilterChainManager -
				Creating chain [/img/**] from String definition [anon]
2015-05-28 00:26:42.520 [main] DEBUG org.apache.shiro.web.filter.mgt.DefaultFilterChainManager -
				Attempting to apply path [/img/**] to filter [anon] with config [null]
2015-05-28 00:26:42.520 [main] DEBUG org.apache.shiro.web.filter.mgt.DefaultFilterChainManager -
				Creating chain [/js/**] from String definition [anon]
2015-05-28 00:26:42.520 [main] DEBUG org.apache.shiro.web.filter.mgt.DefaultFilterChainManager -
				Attempting to apply path [/js/**] to filter [anon] with config [null]
2015-05-28 00:26:42.521 [main] DEBUG org.apache.shiro.web.filter.mgt.DefaultFilterChainManager -
				Creating chain [/sound/**] from String definition [anon]
2015-05-28 00:26:42.521 [main] DEBUG org.apache.shiro.web.filter.mgt.DefaultFilterChainManager -
				Attempting to apply path [/sound/**] to filter [anon] with config [null]
2015-05-28 00:26:42.521 [main] DEBUG org.apache.shiro.web.filter.mgt.DefaultFilterChainManager -
				Creating chain [/index.jsp] from String definition [anon]
2015-05-28 00:26:42.521 [main] DEBUG org.apache.shiro.web.filter.mgt.DefaultFilterChainManager -
				Attempting to apply path [/index.jsp] to filter [anon] with config [null]
2015-05-28 00:26:42.521 [main] DEBUG org.apache.shiro.web.filter.mgt.DefaultFilterChainManager -
				Creating chain [/jcaptcha*] from String definition [jcapc]
2015-05-28 00:26:42.521 [main] DEBUG org.apache.shiro.web.filter.mgt.DefaultFilterChainManager -
				Attempting to apply path [/jcaptcha*] to filter [jcapc] with config [null]
2015-05-28 00:26:42.521 [main] DEBUG org.apache.shiro.web.filter.mgt.DefaultFilterChainManager -
				Creating chain [/user/login] from String definition [jcapv,authc]
2015-05-28 00:26:42.521 [main] DEBUG org.apache.shiro.web.filter.mgt.DefaultFilterChainManager -
				Attempting to apply path [/user/login] to filter [jcapv] with config [null]
2015-05-28 00:26:42.521 [main] DEBUG org.apache.shiro.web.filter.mgt.DefaultFilterChainManager -
				Attempting to apply path [/user/login] to filter [authc] with config [null]
2015-05-28 00:26:42.521 [main] DEBUG org.apache.shiro.web.filter.mgt.DefaultFilterChainManager -
				Creating chain [/logout] from String definition [logout]
2015-05-28 00:26:42.521 [main] DEBUG org.apache.shiro.web.filter.mgt.DefaultFilterChainManager -
				Attempting to apply path [/logout] to filter [logout] with config [null]
2015-05-28 00:26:42.521 [main] DEBUG org.apache.shiro.web.filter.mgt.DefaultFilterChainManager -
				Creating chain [/**] from String definition [user]
2015-05-28 00:26:42.521 [main] DEBUG org.apache.shiro.web.filter.mgt.DefaultFilterChainManager -
				Attempting to apply path [/**] to filter [user] with config [null]
2015-05-28 00:26:42.852 [main] DEBUG org.hibernate.validator.engine.resolver.DefaultTraversableResolver -
				Cannot find javax.persistence.PersistenceUtil on classpath. All properties will per default be traversable.
2015-05-28 00:26:42.853 [main] DEBUG org.hibernate.validator.xml.ValidationXmlParser -
				No META-INF/validation.xml found. Using annotation based configuration only
2015-05-28 00:30:37.581 [main] DEBUG org.apache.shiro.spring.web.ShiroFilterFactoryBean -
				Creating Shiro Filter instance.
2015-05-28 00:30:37.595 [main] DEBUG org.apache.shiro.web.filter.mgt.DefaultFilterChainManager -
				Creating chain [/jsp/permission/login.jsp] from String definition [anon]
2015-05-28 00:30:37.596 [main] DEBUG org.apache.shiro.web.filter.mgt.DefaultFilterChainManager -
				Attempting to apply path [/jsp/permission/login.jsp] to filter [anon] with config [null]
2015-05-28 00:30:37.597 [main] DEBUG org.apache.shiro.web.filter.mgt.DefaultFilterChainManager -
				Creating chain [/user/queryPageList] from String definition [anon]
2015-05-28 00:30:37.597 [main] DEBUG org.apache.shiro.web.filter.mgt.DefaultFilterChainManager -
				Attempting to apply path [/user/queryPageList] to filter [anon] with config [null]
2015-05-28 00:30:37.597 [main] DEBUG org.apache.shiro.web.filter.mgt.DefaultFilterChainManager -
				Creating chain [/jsp/permission/user/user.jsp] from String definition [anon]
2015-05-28 00:30:37.597 [main] DEBUG org.apache.shiro.web.filter.mgt.DefaultFilterChainManager -
				Attempting to apply path [/jsp/permission/user/user.jsp] to filter [anon] with config [null]
2015-05-28 00:30:37.597 [main] DEBUG org.apache.shiro.web.filter.mgt.DefaultFilterChainManager -
				Creating chain [/ajax/**] from String definition [anon]
2015-05-28 00:30:37.598 [main] DEBUG org.apache.shiro.web.filter.mgt.DefaultFilterChainManager -
				Attempting to apply path [/ajax/**] to filter [anon] with config [null]
2015-05-28 00:30:37.598 [main] DEBUG org.apache.shiro.web.filter.mgt.DefaultFilterChainManager -
				Creating chain [/css/**] from String definition [anon]
2015-05-28 00:30:37.598 [main] DEBUG org.apache.shiro.web.filter.mgt.DefaultFilterChainManager -
				Attempting to apply path [/css/**] to filter [anon] with config [null]
2015-05-28 00:30:37.598 [main] DEBUG org.apache.shiro.web.filter.mgt.DefaultFilterChainManager -
				Creating chain [/fonts/**] from String definition [anon]
2015-05-28 00:30:37.598 [main] DEBUG org.apache.shiro.web.filter.mgt.DefaultFilterChainManager -
				Attempting to apply path [/fonts/**] to filter [anon] with config [null]
2015-05-28 00:30:37.598 [main] DEBUG org.apache.shiro.web.filter.mgt.DefaultFilterChainManager -
				Creating chain [/img/**] from String definition [anon]
2015-05-28 00:30:37.598 [main] DEBUG org.apache.shiro.web.filter.mgt.DefaultFilterChainManager -
				Attempting to apply path [/img/**] to filter [anon] with config [null]
2015-05-28 00:30:37.598 [main] DEBUG org.apache.shiro.web.filter.mgt.DefaultFilterChainManager -
				Creating chain [/js/**] from String definition [anon]
2015-05-28 00:30:37.598 [main] DEBUG org.apache.shiro.web.filter.mgt.DefaultFilterChainManager -
				Attempting to apply path [/js/**] to filter [anon] with config [null]
2015-05-28 00:30:37.598 [main] DEBUG org.apache.shiro.web.filter.mgt.DefaultFilterChainManager -
				Creating chain [/sound/**] from String definition [anon]
2015-05-28 00:30:37.598 [main] DEBUG org.apache.shiro.web.filter.mgt.DefaultFilterChainManager -
				Attempting to apply path [/sound/**] to filter [anon] with config [null]
2015-05-28 00:30:37.598 [main] DEBUG org.apache.shiro.web.filter.mgt.DefaultFilterChainManager -
				Creating chain [/index.jsp] from String definition [anon]
2015-05-28 00:30:37.598 [main] DEBUG org.apache.shiro.web.filter.mgt.DefaultFilterChainManager -
				Attempting to apply path [/index.jsp] to filter [anon] with config [null]
2015-05-28 00:30:37.599 [main] DEBUG org.apache.shiro.web.filter.mgt.DefaultFilterChainManager -
				Creating chain [/jcaptcha*] from String definition [jcapc]
2015-05-28 00:30:37.599 [main] DEBUG org.apache.shiro.web.filter.mgt.DefaultFilterChainManager -
				Attempting to apply path [/jcaptcha*] to filter [jcapc] with config [null]
2015-05-28 00:30:37.599 [main] DEBUG org.apache.shiro.web.filter.mgt.DefaultFilterChainManager -
				Creating chain [/user/login] from String definition [jcapv,authc[abc]]
2015-05-28 00:30:37.599 [main] DEBUG org.apache.shiro.web.filter.mgt.DefaultFilterChainManager -
				Attempting to apply path [/user/login] to filter [jcapv] with config [null]
2015-05-28 00:30:37.599 [main] DEBUG org.apache.shiro.web.filter.mgt.DefaultFilterChainManager -
				Attempting to apply path [/user/login] to filter [authc] with config [abc]
2015-05-28 00:30:37.599 [main] DEBUG org.apache.shiro.web.filter.mgt.DefaultFilterChainManager -
				Creating chain [/logout] from String definition [logout]
2015-05-28 00:30:37.599 [main] DEBUG org.apache.shiro.web.filter.mgt.DefaultFilterChainManager -
				Attempting to apply path [/logout] to filter [logout] with config [null]
2015-05-28 00:30:37.599 [main] DEBUG org.apache.shiro.web.filter.mgt.DefaultFilterChainManager -
				Creating chain [/**] from String definition [user]
2015-05-28 00:30:37.599 [main] DEBUG org.apache.shiro.web.filter.mgt.DefaultFilterChainManager -
				Attempting to apply path [/**] to filter [user] with config [null]
2015-05-28 00:30:37.908 [main] DEBUG org.hibernate.validator.engine.resolver.DefaultTraversableResolver -
				Cannot find javax.persistence.PersistenceUtil on classpath. All properties will per default be traversable.
2015-05-28 00:30:37.908 [main] DEBUG org.hibernate.validator.xml.ValidationXmlParser -
				No META-INF/validation.xml found. Using annotation based configuration only
